{"/home/vaniairnanda/Documents/H8tasks/final-project/server/app.js": {"path":"/home/vaniairnanda/Documents/H8tasks/final-project/server/app.js","statementMap":{"0":{"start":{"line":1,"column":0},"end":{"line":1,"column":27}},"1":{"start":{"line":3,"column":16},"end":{"line":3,"column":34}},"2":{"start":{"line":4,"column":12},"end":{"line":4,"column":21}},"3":{"start":{"line":5,"column":13},"end":{"line":5,"column":29}},"4":{"start":{"line":6,"column":15},"end":{"line":6,"column":32}},"5":{"start":{"line":7,"column":15},"end":{"line":7,"column":40}},"6":{"start":{"line":8,"column":13},"end":{"line":8,"column":28}},"7":{"start":{"line":9,"column":17},"end":{"line":9,"column":36}},"8":{"start":{"line":10,"column":21},"end":{"line":10,"column":58}},"9":{"start":{"line":11,"column":0},"end":{"line":11,"column":16}},"10":{"start":{"line":12,"column":0},"end":{"line":12,"column":23}},"11":{"start":{"line":13,"column":0},"end":{"line":17,"column":3}},"12":{"start":{"line":19,"column":0},"end":{"line":19,"column":49}},"13":{"start":{"line":20,"column":0},"end":{"line":20,"column":24}},"14":{"start":{"line":21,"column":0},"end":{"line":21,"column":21}},"15":{"start":{"line":23,"column":0},"end":{"line":23,"column":27}},"16":{"start":{"line":25,"column":0},"end":{"line":25,"column":21}}},"fnMap":{},"branchMap":{},"s":{"0":3,"1":3,"2":3,"3":3,"4":3,"5":3,"6":3,"7":3,"8":3,"9":3,"10":3,"11":3,"12":3,"13":3,"14":3,"15":3,"16":3},"f":{},"b":{},"_coverageSchema":"1a1c01bbd47fc00a2c39e90264f33305004495a9","hash":"43c448f96a7d96f88872bf1bc4945171ee772604"}
,"/home/vaniairnanda/Documents/H8tasks/final-project/server/controllers/RoomController.js": {"path":"/home/vaniairnanda/Documents/H8tasks/final-project/server/controllers/RoomController.js","statementMap":{"0":{"start":{"line":1,"column":23},"end":{"line":1,"column":44}},"1":{"start":{"line":2,"column":17},"end":{"line":2,"column":51}},"2":{"start":{"line":6,"column":4},"end":{"line":18,"column":9}},"3":{"start":{"line":14,"column":8},"end":{"line":14,"column":35}},"4":{"start":{"line":17,"column":8},"end":{"line":17,"column":18}},"5":{"start":{"line":21,"column":4},"end":{"line":27,"column":9}},"6":{"start":{"line":23,"column":8},"end":{"line":23,"column":63}},"7":{"start":{"line":26,"column":8},"end":{"line":26,"column":18}},"8":{"start":{"line":31,"column":4},"end":{"line":31,"column":50}},"9":{"start":{"line":32,"column":4},"end":{"line":32,"column":67}},"10":{"start":{"line":34,"column":4},"end":{"line":46,"column":9}},"11":{"start":{"line":42,"column":8},"end":{"line":42,"column":35}},"12":{"start":{"line":45,"column":8},"end":{"line":45,"column":18}},"13":{"start":{"line":50,"column":4},"end":{"line":73,"column":9}},"14":{"start":{"line":58,"column":8},"end":{"line":58,"column":26}},"15":{"start":{"line":59,"column":8},"end":{"line":65,"column":10}},"16":{"start":{"line":68,"column":8},"end":{"line":68,"column":26}},"17":{"start":{"line":69,"column":8},"end":{"line":69,"column":35}},"18":{"start":{"line":72,"column":8},"end":{"line":72,"column":18}},"19":{"start":{"line":77,"column":4},"end":{"line":88,"column":9}},"20":{"start":{"line":84,"column":8},"end":{"line":84,"column":35}},"21":{"start":{"line":87,"column":8},"end":{"line":87,"column":18}},"22":{"start":{"line":92,"column":16},"end":{"line":92,"column":18}},"23":{"start":{"line":93,"column":19},"end":{"line":93,"column":21}},"24":{"start":{"line":94,"column":4},"end":{"line":105,"column":9}},"25":{"start":{"line":96,"column":8},"end":{"line":96,"column":23}},"26":{"start":{"line":97,"column":8},"end":{"line":97,"column":64}},"27":{"start":{"line":100,"column":8},"end":{"line":100,"column":25}},"28":{"start":{"line":101,"column":8},"end":{"line":101,"column":50}},"29":{"start":{"line":104,"column":8},"end":{"line":104,"column":18}},"30":{"start":{"line":109,"column":0},"end":{"line":109,"column":32}}},"fnMap":{"0":{"name":"(anonymous_0)","decl":{"start":{"line":5,"column":2},"end":{"line":5,"column":3}},"loc":{"start":{"line":5,"column":32},"end":{"line":19,"column":3}},"line":5},"1":{"name":"(anonymous_1)","decl":{"start":{"line":13,"column":12},"end":{"line":13,"column":13}},"loc":{"start":{"line":13,"column":20},"end":{"line":15,"column":7}},"line":13},"2":{"name":"(anonymous_2)","decl":{"start":{"line":16,"column":13},"end":{"line":16,"column":14}},"loc":{"start":{"line":16,"column":20},"end":{"line":18,"column":7}},"line":16},"3":{"name":"(anonymous_3)","decl":{"start":{"line":20,"column":2},"end":{"line":20,"column":3}},"loc":{"start":{"line":20,"column":32},"end":{"line":28,"column":3}},"line":20},"4":{"name":"(anonymous_4)","decl":{"start":{"line":22,"column":12},"end":{"line":22,"column":13}},"loc":{"start":{"line":22,"column":17},"end":{"line":24,"column":7}},"line":22},"5":{"name":"(anonymous_5)","decl":{"start":{"line":25,"column":13},"end":{"line":25,"column":14}},"loc":{"start":{"line":25,"column":20},"end":{"line":27,"column":7}},"line":25},"6":{"name":"(anonymous_6)","decl":{"start":{"line":30,"column":2},"end":{"line":30,"column":3}},"loc":{"start":{"line":30,"column":32},"end":{"line":47,"column":3}},"line":30},"7":{"name":"(anonymous_7)","decl":{"start":{"line":41,"column":12},"end":{"line":41,"column":13}},"loc":{"start":{"line":41,"column":20},"end":{"line":43,"column":7}},"line":41},"8":{"name":"(anonymous_8)","decl":{"start":{"line":44,"column":13},"end":{"line":44,"column":14}},"loc":{"start":{"line":44,"column":20},"end":{"line":46,"column":7}},"line":44},"9":{"name":"(anonymous_9)","decl":{"start":{"line":49,"column":2},"end":{"line":49,"column":3}},"loc":{"start":{"line":49,"column":38},"end":{"line":74,"column":3}},"line":49},"10":{"name":"(anonymous_10)","decl":{"start":{"line":57,"column":12},"end":{"line":57,"column":13}},"loc":{"start":{"line":57,"column":20},"end":{"line":66,"column":7}},"line":57},"11":{"name":"(anonymous_11)","decl":{"start":{"line":67,"column":12},"end":{"line":67,"column":13}},"loc":{"start":{"line":67,"column":20},"end":{"line":70,"column":7}},"line":67},"12":{"name":"(anonymous_12)","decl":{"start":{"line":71,"column":13},"end":{"line":71,"column":14}},"loc":{"start":{"line":71,"column":20},"end":{"line":73,"column":7}},"line":71},"13":{"name":"(anonymous_13)","decl":{"start":{"line":76,"column":2},"end":{"line":76,"column":3}},"loc":{"start":{"line":76,"column":38},"end":{"line":89,"column":3}},"line":76},"14":{"name":"(anonymous_14)","decl":{"start":{"line":83,"column":12},"end":{"line":83,"column":13}},"loc":{"start":{"line":83,"column":20},"end":{"line":85,"column":7}},"line":83},"15":{"name":"(anonymous_15)","decl":{"start":{"line":86,"column":13},"end":{"line":86,"column":14}},"loc":{"start":{"line":86,"column":20},"end":{"line":88,"column":7}},"line":86},"16":{"name":"(anonymous_16)","decl":{"start":{"line":91,"column":2},"end":{"line":91,"column":3}},"loc":{"start":{"line":91,"column":38},"end":{"line":106,"column":3}},"line":91},"17":{"name":"(anonymous_17)","decl":{"start":{"line":95,"column":12},"end":{"line":95,"column":13}},"loc":{"start":{"line":95,"column":22},"end":{"line":98,"column":7}},"line":95},"18":{"name":"(anonymous_18)","decl":{"start":{"line":99,"column":12},"end":{"line":99,"column":13}},"loc":{"start":{"line":99,"column":21},"end":{"line":102,"column":7}},"line":99},"19":{"name":"(anonymous_19)","decl":{"start":{"line":103,"column":13},"end":{"line":103,"column":14}},"loc":{"start":{"line":103,"column":20},"end":{"line":105,"column":7}},"line":103}},"branchMap":{},"s":{"0":3,"1":3,"2":2,"3":1,"4":1,"5":1,"6":1,"7":0,"8":1,"9":1,"10":1,"11":1,"12":0,"13":1,"14":1,"15":1,"16":1,"17":1,"18":0,"19":1,"20":1,"21":0,"22":0,"23":0,"24":0,"25":0,"26":0,"27":0,"28":0,"29":0,"30":3},"f":{"0":2,"1":1,"2":1,"3":1,"4":1,"5":0,"6":1,"7":1,"8":0,"9":1,"10":1,"11":1,"12":0,"13":1,"14":1,"15":0,"16":0,"17":0,"18":0,"19":0},"b":{},"_coverageSchema":"1a1c01bbd47fc00a2c39e90264f33305004495a9","hash":"8eb95c4590a5ecb4ee1a18ec69ee563fdea0f922"}
,"/home/vaniairnanda/Documents/H8tasks/final-project/server/controllers/TrackController.js": {"path":"/home/vaniairnanda/Documents/H8tasks/final-project/server/controllers/TrackController.js","statementMap":{"0":{"start":{"line":1,"column":18},"end":{"line":1,"column":44}},"1":{"start":{"line":5,"column":4},"end":{"line":16,"column":9}},"2":{"start":{"line":12,"column":8},"end":{"line":12,"column":37}},"3":{"start":{"line":15,"column":8},"end":{"line":15,"column":18}},"4":{"start":{"line":20,"column":4},"end":{"line":26,"column":9}},"5":{"start":{"line":22,"column":8},"end":{"line":22,"column":63}},"6":{"start":{"line":25,"column":8},"end":{"line":25,"column":18}},"7":{"start":{"line":30,"column":0},"end":{"line":30,"column":33}}},"fnMap":{"0":{"name":"(anonymous_0)","decl":{"start":{"line":4,"column":2},"end":{"line":4,"column":3}},"loc":{"start":{"line":4,"column":32},"end":{"line":17,"column":3}},"line":4},"1":{"name":"(anonymous_1)","decl":{"start":{"line":11,"column":12},"end":{"line":11,"column":13}},"loc":{"start":{"line":11,"column":22},"end":{"line":13,"column":7}},"line":11},"2":{"name":"(anonymous_2)","decl":{"start":{"line":14,"column":13},"end":{"line":14,"column":14}},"loc":{"start":{"line":14,"column":20},"end":{"line":16,"column":7}},"line":14},"3":{"name":"(anonymous_3)","decl":{"start":{"line":19,"column":2},"end":{"line":19,"column":3}},"loc":{"start":{"line":19,"column":32},"end":{"line":27,"column":3}},"line":19},"4":{"name":"(anonymous_4)","decl":{"start":{"line":21,"column":12},"end":{"line":21,"column":13}},"loc":{"start":{"line":21,"column":17},"end":{"line":23,"column":7}},"line":21},"5":{"name":"(anonymous_5)","decl":{"start":{"line":24,"column":13},"end":{"line":24,"column":14}},"loc":{"start":{"line":24,"column":20},"end":{"line":26,"column":7}},"line":24}},"branchMap":{},"s":{"0":3,"1":2,"2":1,"3":1,"4":1,"5":1,"6":0,"7":3},"f":{"0":2,"1":1,"2":1,"3":1,"4":1,"5":0},"b":{},"_coverageSchema":"1a1c01bbd47fc00a2c39e90264f33305004495a9","hash":"af73c17facac0fe6f6ff38edfdbe9b66232a583e"}
,"/home/vaniairnanda/Documents/H8tasks/final-project/server/controllers/UserController.js": {"path":"/home/vaniairnanda/Documents/H8tasks/final-project/server/controllers/UserController.js","statementMap":{"0":{"start":{"line":1,"column":17},"end":{"line":1,"column":43}},"1":{"start":{"line":2,"column":14},"end":{"line":2,"column":30}},"2":{"start":{"line":3,"column":12},"end":{"line":3,"column":35}},"3":{"start":{"line":4,"column":21},"end":{"line":4,"column":55}},"4":{"start":{"line":8,"column":4},"end":{"line":58,"column":9}},"5":{"start":{"line":17,"column":8},"end":{"line":54,"column":11}},"6":{"start":{"line":18,"column":10},"end":{"line":53,"column":11}},"7":{"start":{"line":19,"column":33},"end":{"line":22,"column":13}},"8":{"start":{"line":23,"column":12},"end":{"line":23,"column":57}},"9":{"start":{"line":25,"column":12},"end":{"line":52,"column":17}},"10":{"start":{"line":34,"column":16},"end":{"line":34,"column":42}},"11":{"start":{"line":35,"column":28},"end":{"line":35,"column":48}},"12":{"start":{"line":36,"column":28},"end":{"line":38,"column":94}},"13":{"start":{"line":39,"column":16},"end":{"line":44,"column":19}},"14":{"start":{"line":47,"column":37},"end":{"line":50,"column":17}},"15":{"start":{"line":51,"column":16},"end":{"line":51,"column":61}},"16":{"start":{"line":57,"column":8},"end":{"line":57,"column":18}},"17":{"start":{"line":62,"column":4},"end":{"line":74,"column":9}},"18":{"start":{"line":64,"column":8},"end":{"line":64,"column":48}},"19":{"start":{"line":67,"column":21},"end":{"line":69,"column":10}},"20":{"start":{"line":68,"column":10},"end":{"line":68,"column":80}},"21":{"start":{"line":70,"column":8},"end":{"line":70,"column":37}},"22":{"start":{"line":73,"column":8},"end":{"line":73,"column":18}},"23":{"start":{"line":78,"column":0},"end":{"line":78,"column":32}}},"fnMap":{"0":{"name":"(anonymous_0)","decl":{"start":{"line":7,"column":2},"end":{"line":7,"column":3}},"loc":{"start":{"line":7,"column":31},"end":{"line":59,"column":3}},"line":7},"1":{"name":"(anonymous_1)","decl":{"start":{"line":16,"column":12},"end":{"line":16,"column":13}},"loc":{"start":{"line":16,"column":26},"end":{"line":55,"column":7}},"line":16},"2":{"name":"(anonymous_2)","decl":{"start":{"line":17,"column":49},"end":{"line":17,"column":50}},"loc":{"start":{"line":17,"column":57},"end":{"line":54,"column":9}},"line":17},"3":{"name":"(anonymous_3)","decl":{"start":{"line":33,"column":20},"end":{"line":33,"column":21}},"loc":{"start":{"line":33,"column":42},"end":{"line":45,"column":15}},"line":33},"4":{"name":"(anonymous_4)","decl":{"start":{"line":46,"column":20},"end":{"line":46,"column":21}},"loc":{"start":{"line":46,"column":28},"end":{"line":52,"column":15}},"line":46},"5":{"name":"(anonymous_5)","decl":{"start":{"line":56,"column":13},"end":{"line":56,"column":14}},"loc":{"start":{"line":56,"column":20},"end":{"line":58,"column":7}},"line":56},"6":{"name":"(anonymous_6)","decl":{"start":{"line":61,"column":2},"end":{"line":61,"column":3}},"loc":{"start":{"line":61,"column":44},"end":{"line":75,"column":3}},"line":61},"7":{"name":"(anonymous_7)","decl":{"start":{"line":63,"column":12},"end":{"line":63,"column":13}},"loc":{"start":{"line":63,"column":20},"end":{"line":65,"column":7}},"line":63},"8":{"name":"(anonymous_8)","decl":{"start":{"line":66,"column":12},"end":{"line":66,"column":13}},"loc":{"start":{"line":66,"column":31},"end":{"line":71,"column":7}},"line":66},"9":{"name":"(anonymous_9)","decl":{"start":{"line":67,"column":44},"end":{"line":67,"column":45}},"loc":{"start":{"line":67,"column":62},"end":{"line":69,"column":9}},"line":67},"10":{"name":"(anonymous_10)","decl":{"start":{"line":72,"column":13},"end":{"line":72,"column":14}},"loc":{"start":{"line":72,"column":20},"end":{"line":74,"column":7}},"line":72}},"branchMap":{"0":{"loc":{"start":{"line":18,"column":10},"end":{"line":53,"column":11}},"type":"if","locations":[{"start":{"line":18,"column":10},"end":{"line":53,"column":11}},{"start":{"line":18,"column":10},"end":{"line":53,"column":11}}],"line":18},"1":{"loc":{"start":{"line":36,"column":28},"end":{"line":38,"column":94}},"type":"cond-expr","locations":[{"start":{"line":37,"column":20},"end":{"line":37,"column":38}},{"start":{"line":38,"column":20},"end":{"line":38,"column":94}}],"line":36}},"s":{"0":3,"1":3,"2":3,"3":3,"4":3,"5":3,"6":3,"7":1,"8":1,"9":2,"10":2,"11":2,"12":2,"13":2,"14":2,"15":2,"16":0,"17":1,"18":1,"19":1,"20":2,"21":1,"22":0,"23":3},"f":{"0":3,"1":3,"2":3,"3":2,"4":2,"5":0,"6":1,"7":1,"8":1,"9":2,"10":0},"b":{"0":[1,2],"1":[2,0]},"_coverageSchema":"1a1c01bbd47fc00a2c39e90264f33305004495a9","hash":"ea33db28984ab9796fcdac14c78b3da27359bdf3"}
,"/home/vaniairnanda/Documents/H8tasks/final-project/server/controllers/index.js": {"path":"/home/vaniairnanda/Documents/H8tasks/final-project/server/controllers/index.js","statementMap":{"0":{"start":{"line":1,"column":23},"end":{"line":1,"column":50}},"1":{"start":{"line":2,"column":24},"end":{"line":2,"column":52}},"2":{"start":{"line":3,"column":23},"end":{"line":3,"column":50}},"3":{"start":{"line":5,"column":0},"end":{"line":7,"column":1}}},"fnMap":{},"branchMap":{},"s":{"0":3,"1":3,"2":3,"3":3},"f":{},"b":{},"_coverageSchema":"1a1c01bbd47fc00a2c39e90264f33305004495a9","hash":"cc9d74de52bf3df348daef4f1a73b36f1d89994c"}
,"/home/vaniairnanda/Documents/H8tasks/final-project/server/helpers/genreCounter.js": {"path":"/home/vaniairnanda/Documents/H8tasks/final-project/server/helpers/genreCounter.js","statementMap":{"0":{"start":{"line":1,"column":0},"end":{"line":80,"column":2}},"1":{"start":{"line":2,"column":18},"end":{"line":59,"column":3}},"2":{"start":{"line":61,"column":20},"end":{"line":61,"column":22}},"3":{"start":{"line":62,"column":2},"end":{"line":66,"column":5}},"4":{"start":{"line":63,"column":4},"end":{"line":65,"column":7}},"5":{"start":{"line":64,"column":6},"end":{"line":64,"column":30}},"6":{"start":{"line":67,"column":2},"end":{"line":67,"column":27}},"7":{"start":{"line":68,"column":2},"end":{"line":75,"column":5}},"8":{"start":{"line":69,"column":20},"end":{"line":69,"column":48}},"9":{"start":{"line":70,"column":4},"end":{"line":74,"column":7}},"10":{"start":{"line":71,"column":6},"end":{"line":73,"column":7}},"11":{"start":{"line":72,"column":8},"end":{"line":72,"column":29}},"12":{"start":{"line":77,"column":2},"end":{"line":77,"column":59}},"13":{"start":{"line":77,"column":39},"end":{"line":77,"column":56}},"14":{"start":{"line":78,"column":2},"end":{"line":78,"column":52}},"15":{"start":{"line":79,"column":2},"end":{"line":79,"column":46}}},"fnMap":{"0":{"name":"genreCounter","decl":{"start":{"line":1,"column":26},"end":{"line":1,"column":38}},"loc":{"start":{"line":1,"column":47},"end":{"line":80,"column":1}},"line":1},"1":{"name":"(anonymous_1)","decl":{"start":{"line":62,"column":23},"end":{"line":62,"column":24}},"loc":{"start":{"line":62,"column":33},"end":{"line":66,"column":3}},"line":62},"2":{"name":"(anonymous_2)","decl":{"start":{"line":63,"column":26},"end":{"line":63,"column":27}},"loc":{"start":{"line":63,"column":35},"end":{"line":65,"column":5}},"line":63},"3":{"name":"(anonymous_3)","decl":{"start":{"line":68,"column":20},"end":{"line":68,"column":21}},"loc":{"start":{"line":68,"column":33},"end":{"line":75,"column":3}},"line":68},"4":{"name":"(anonymous_4)","decl":{"start":{"line":70,"column":24},"end":{"line":70,"column":25}},"loc":{"start":{"line":70,"column":37},"end":{"line":74,"column":5}},"line":70},"5":{"name":"(anonymous_5)","decl":{"start":{"line":77,"column":29},"end":{"line":77,"column":30}},"loc":{"start":{"line":77,"column":39},"end":{"line":77,"column":56}},"line":77}},"branchMap":{"0":{"loc":{"start":{"line":71,"column":6},"end":{"line":73,"column":7}},"type":"if","locations":[{"start":{"line":71,"column":6},"end":{"line":73,"column":7}},{"start":{"line":71,"column":6},"end":{"line":73,"column":7}}],"line":71}},"s":{"0":3,"1":2,"2":2,"3":2,"4":2,"5":2,"6":2,"7":2,"8":28,"9":28,"10":28,"11":0,"12":2,"13":26,"14":2,"15":2},"f":{"0":2,"1":2,"2":2,"3":28,"4":28,"5":26},"b":{"0":[0,28]},"_coverageSchema":"1a1c01bbd47fc00a2c39e90264f33305004495a9","hash":"7464e8818f0576c204af824aa113375d48d1640c"}
,"/home/vaniairnanda/Documents/H8tasks/final-project/server/middlewares/authentication.js": {"path":"/home/vaniairnanda/Documents/H8tasks/final-project/server/middlewares/authentication.js","statementMap":{"0":{"start":{"line":1,"column":12},"end":{"line":1,"column":35}},"1":{"start":{"line":2,"column":17},"end":{"line":2,"column":43}},"2":{"start":{"line":4,"column":0},"end":{"line":27,"column":2}},"3":{"start":{"line":5,"column":16},"end":{"line":5,"column":40}},"4":{"start":{"line":6,"column":2},"end":{"line":26,"column":3}},"5":{"start":{"line":7,"column":18},"end":{"line":7,"column":55}},"6":{"start":{"line":8,"column":4},"end":{"line":23,"column":9}},"7":{"start":{"line":12,"column":8},"end":{"line":19,"column":9}},"8":{"start":{"line":13,"column":10},"end":{"line":13,"column":41}},"9":{"start":{"line":14,"column":10},"end":{"line":14,"column":17}},"10":{"start":{"line":16,"column":10},"end":{"line":18,"column":13}},"11":{"start":{"line":22,"column":8},"end":{"line":22,"column":18}},"12":{"start":{"line":25,"column":4},"end":{"line":25,"column":14}}},"fnMap":{"0":{"name":"(anonymous_0)","decl":{"start":{"line":4,"column":17},"end":{"line":4,"column":18}},"loc":{"start":{"line":4,"column":42},"end":{"line":27,"column":1}},"line":4},"1":{"name":"(anonymous_1)","decl":{"start":{"line":11,"column":12},"end":{"line":11,"column":13}},"loc":{"start":{"line":11,"column":22},"end":{"line":20,"column":7}},"line":11},"2":{"name":"(anonymous_2)","decl":{"start":{"line":21,"column":13},"end":{"line":21,"column":14}},"loc":{"start":{"line":21,"column":20},"end":{"line":23,"column":7}},"line":21}},"branchMap":{"0":{"loc":{"start":{"line":12,"column":8},"end":{"line":19,"column":9}},"type":"if","locations":[{"start":{"line":12,"column":8},"end":{"line":19,"column":9}},{"start":{"line":12,"column":8},"end":{"line":19,"column":9}}],"line":12}},"s":{"0":3,"1":3,"2":3,"3":14,"4":14,"5":14,"6":12,"7":12,"8":12,"9":12,"10":0,"11":0,"12":2},"f":{"0":14,"1":12,"2":0},"b":{"0":[12,0]},"_coverageSchema":"1a1c01bbd47fc00a2c39e90264f33305004495a9","hash":"25c9db69e0d3e1883f88c24d3c3be4b3fcb9535d"}
,"/home/vaniairnanda/Documents/H8tasks/final-project/server/middlewares/errorHandler.js": {"path":"/home/vaniairnanda/Documents/H8tasks/final-project/server/middlewares/errorHandler.js","statementMap":{"0":{"start":{"line":1,"column":0},"end":{"line":26,"column":2}},"1":{"start":{"line":2,"column":25},"end":{"line":2,"column":44}},"2":{"start":{"line":3,"column":2},"end":{"line":3,"column":19}},"3":{"start":{"line":4,"column":2},"end":{"line":25,"column":3}},"4":{"start":{"line":5,"column":4},"end":{"line":7,"column":7}},"5":{"start":{"line":8,"column":4},"end":{"line":8,"column":11}},"6":{"start":{"line":9,"column":9},"end":{"line":25,"column":3}},"7":{"start":{"line":10,"column":27},"end":{"line":10,"column":37}},"8":{"start":{"line":11,"column":19},"end":{"line":11,"column":21}},"9":{"start":{"line":12,"column":4},"end":{"line":14,"column":5}},"10":{"start":{"line":13,"column":6},"end":{"line":13,"column":47}},"11":{"start":{"line":15,"column":4},"end":{"line":15,"column":37}},"12":{"start":{"line":16,"column":9},"end":{"line":25,"column":3}},"13":{"start":{"line":17,"column":4},"end":{"line":19,"column":7}},"14":{"start":{"line":21,"column":4},"end":{"line":23,"column":7}},"15":{"start":{"line":24,"column":4},"end":{"line":24,"column":11}}},"fnMap":{"0":{"name":"(anonymous_0)","decl":{"start":{"line":1,"column":17},"end":{"line":1,"column":18}},"loc":{"start":{"line":1,"column":47},"end":{"line":26,"column":1}},"line":1}},"branchMap":{"0":{"loc":{"start":{"line":4,"column":2},"end":{"line":25,"column":3}},"type":"if","locations":[{"start":{"line":4,"column":2},"end":{"line":25,"column":3}},{"start":{"line":4,"column":2},"end":{"line":25,"column":3}}],"line":4},"1":{"loc":{"start":{"line":9,"column":9},"end":{"line":25,"column":3}},"type":"if","locations":[{"start":{"line":9,"column":9},"end":{"line":25,"column":3}},{"start":{"line":9,"column":9},"end":{"line":25,"column":3}}],"line":9},"2":{"loc":{"start":{"line":16,"column":9},"end":{"line":25,"column":3}},"type":"if","locations":[{"start":{"line":16,"column":9},"end":{"line":25,"column":3}},{"start":{"line":16,"column":9},"end":{"line":25,"column":3}}],"line":16}},"s":{"0":3,"1":5,"2":5,"3":5,"4":0,"5":0,"6":5,"7":2,"8":2,"9":2,"10":2,"11":2,"12":3,"13":3,"14":0,"15":0},"f":{"0":5},"b":{"0":[0,5],"1":[2,3],"2":[3,0]},"_coverageSchema":"1a1c01bbd47fc00a2c39e90264f33305004495a9","hash":"8ec9f23f18281604a7f768146d128ca4286f60cb"}
,"/home/vaniairnanda/Documents/H8tasks/final-project/server/middlewares/index.js": {"path":"/home/vaniairnanda/Documents/H8tasks/final-project/server/middlewares/index.js","statementMap":{"0":{"start":{"line":1,"column":21},"end":{"line":1,"column":46}},"1":{"start":{"line":2,"column":23},"end":{"line":2,"column":50}},"2":{"start":{"line":3,"column":26},"end":{"line":3,"column":56}},"3":{"start":{"line":4,"column":27},"end":{"line":4,"column":58}},"4":{"start":{"line":5,"column":15},"end":{"line":5,"column":34}},"5":{"start":{"line":7,"column":0},"end":{"line":13,"column":2}}},"fnMap":{},"branchMap":{},"s":{"0":3,"1":3,"2":3,"3":3,"4":3,"5":3},"f":{},"b":{},"_coverageSchema":"1a1c01bbd47fc00a2c39e90264f33305004495a9","hash":"e939c6c34f063c752928f43de6f08aa255cc03ff"}
,"/home/vaniairnanda/Documents/H8tasks/final-project/server/middlewares/roomAuthorization.js": {"path":"/home/vaniairnanda/Documents/H8tasks/final-project/server/middlewares/roomAuthorization.js","statementMap":{"0":{"start":{"line":1,"column":17},"end":{"line":1,"column":37}},"1":{"start":{"line":3,"column":0},"end":{"line":19,"column":2}},"2":{"start":{"line":4,"column":2},"end":{"line":18,"column":7}},"3":{"start":{"line":6,"column":6},"end":{"line":14,"column":7}},"4":{"start":{"line":7,"column":8},"end":{"line":7,"column":15}},"5":{"start":{"line":8,"column":13},"end":{"line":14,"column":7}},"6":{"start":{"line":9,"column":8},"end":{"line":9,"column":15}},"7":{"start":{"line":11,"column":8},"end":{"line":13,"column":73}},"8":{"start":{"line":17,"column":6},"end":{"line":17,"column":16}}},"fnMap":{"0":{"name":"(anonymous_0)","decl":{"start":{"line":3,"column":17},"end":{"line":3,"column":18}},"loc":{"start":{"line":3,"column":42},"end":{"line":19,"column":1}},"line":3},"1":{"name":"(anonymous_1)","decl":{"start":{"line":5,"column":10},"end":{"line":5,"column":11}},"loc":{"start":{"line":5,"column":18},"end":{"line":15,"column":5}},"line":5},"2":{"name":"(anonymous_2)","decl":{"start":{"line":16,"column":11},"end":{"line":16,"column":12}},"loc":{"start":{"line":16,"column":18},"end":{"line":18,"column":5}},"line":16}},"branchMap":{"0":{"loc":{"start":{"line":6,"column":6},"end":{"line":14,"column":7}},"type":"if","locations":[{"start":{"line":6,"column":6},"end":{"line":14,"column":7}},{"start":{"line":6,"column":6},"end":{"line":14,"column":7}}],"line":6},"1":{"loc":{"start":{"line":8,"column":13},"end":{"line":14,"column":7}},"type":"if","locations":[{"start":{"line":8,"column":13},"end":{"line":14,"column":7}},{"start":{"line":8,"column":13},"end":{"line":14,"column":7}}],"line":8}},"s":{"0":3,"1":3,"2":3,"3":3,"4":2,"5":1,"6":0,"7":1,"8":0},"f":{"0":3,"1":3,"2":0},"b":{"0":[2,1],"1":[0,1]},"_coverageSchema":"1a1c01bbd47fc00a2c39e90264f33305004495a9","hash":"a4b7e8f3e20e53fd3dfb8f3dd035b51873d6cf0f"}
,"/home/vaniairnanda/Documents/H8tasks/final-project/server/middlewares/trackAuthorization.js": {"path":"/home/vaniairnanda/Documents/H8tasks/final-project/server/middlewares/trackAuthorization.js","statementMap":{"0":{"start":{"line":1,"column":18},"end":{"line":1,"column":38}},"1":{"start":{"line":3,"column":0},"end":{"line":17,"column":2}},"2":{"start":{"line":4,"column":2},"end":{"line":16,"column":7}},"3":{"start":{"line":6,"column":6},"end":{"line":12,"column":7}},"4":{"start":{"line":7,"column":8},"end":{"line":7,"column":15}},"5":{"start":{"line":9,"column":8},"end":{"line":11,"column":73}},"6":{"start":{"line":15,"column":6},"end":{"line":15,"column":16}}},"fnMap":{"0":{"name":"(anonymous_0)","decl":{"start":{"line":3,"column":17},"end":{"line":3,"column":18}},"loc":{"start":{"line":3,"column":42},"end":{"line":17,"column":1}},"line":3},"1":{"name":"(anonymous_1)","decl":{"start":{"line":5,"column":10},"end":{"line":5,"column":11}},"loc":{"start":{"line":5,"column":19},"end":{"line":13,"column":5}},"line":5},"2":{"name":"(anonymous_2)","decl":{"start":{"line":14,"column":11},"end":{"line":14,"column":12}},"loc":{"start":{"line":14,"column":18},"end":{"line":16,"column":5}},"line":14}},"branchMap":{"0":{"loc":{"start":{"line":6,"column":6},"end":{"line":12,"column":7}},"type":"if","locations":[{"start":{"line":6,"column":6},"end":{"line":12,"column":7}},{"start":{"line":6,"column":6},"end":{"line":12,"column":7}}],"line":6}},"s":{"0":3,"1":3,"2":2,"3":2,"4":1,"5":0,"6":1},"f":{"0":2,"1":2,"2":1},"b":{"0":[1,0]},"_coverageSchema":"1a1c01bbd47fc00a2c39e90264f33305004495a9","hash":"d0a6a430683ecd444c15ab4acdc9f58fd2e3fc80"}
,"/home/vaniairnanda/Documents/H8tasks/final-project/server/middlewares/tracks.js": {"path":"/home/vaniairnanda/Documents/H8tasks/final-project/server/middlewares/tracks.js","statementMap":{"0":{"start":{"line":2,"column":0},"end":{"line":2,"column":27}},"1":{"start":{"line":4,"column":20},"end":{"line":4,"column":52}},"2":{"start":{"line":6,"column":21},"end":{"line":6,"column":45}},"3":{"start":{"line":8,"column":16},"end":{"line":11,"column":2}},"4":{"start":{"line":12,"column":15},"end":{"line":12,"column":43}},"5":{"start":{"line":14,"column":21},"end":{"line":16,"column":1}},"6":{"start":{"line":15,"column":2},"end":{"line":15,"column":70}},"7":{"start":{"line":18,"column":24},"end":{"line":46,"column":1}},"8":{"start":{"line":19,"column":2},"end":{"line":21,"column":3}},"9":{"start":{"line":20,"column":4},"end":{"line":20,"column":18}},"10":{"start":{"line":23,"column":18},"end":{"line":23,"column":52}},"11":{"start":{"line":24,"column":15},"end":{"line":24,"column":35}},"12":{"start":{"line":26,"column":17},"end":{"line":30,"column":4}},"13":{"start":{"line":32,"column":2},"end":{"line":35,"column":5}},"14":{"start":{"line":33,"column":4},"end":{"line":33,"column":37}},"15":{"start":{"line":34,"column":4},"end":{"line":34,"column":14}},"16":{"start":{"line":37,"column":2},"end":{"line":43,"column":5}},"17":{"start":{"line":38,"column":4},"end":{"line":38,"column":42}},"18":{"start":{"line":39,"column":4},"end":{"line":42,"column":7}},"19":{"start":{"line":40,"column":6},"end":{"line":40,"column":61}},"20":{"start":{"line":41,"column":6},"end":{"line":41,"column":13}},"21":{"start":{"line":45,"column":2},"end":{"line":45,"column":30}},"22":{"start":{"line":48,"column":15},"end":{"line":48,"column":32}},"23":{"start":{"line":49,"column":11},"end":{"line":55,"column":4}},"24":{"start":{"line":57,"column":0},"end":{"line":61,"column":2}}},"fnMap":{"0":{"name":"(anonymous_0)","decl":{"start":{"line":14,"column":21},"end":{"line":14,"column":22}},"loc":{"start":{"line":14,"column":33},"end":{"line":16,"column":1}},"line":14},"1":{"name":"(anonymous_1)","decl":{"start":{"line":18,"column":24},"end":{"line":18,"column":25}},"loc":{"start":{"line":18,"column":44},"end":{"line":46,"column":1}},"line":18},"2":{"name":"(anonymous_2)","decl":{"start":{"line":32,"column":21},"end":{"line":32,"column":22}},"loc":{"start":{"line":32,"column":28},"end":{"line":35,"column":3}},"line":32},"3":{"name":"(anonymous_3)","decl":{"start":{"line":37,"column":22},"end":{"line":37,"column":23}},"loc":{"start":{"line":37,"column":28},"end":{"line":43,"column":3}},"line":37},"4":{"name":"(anonymous_4)","decl":{"start":{"line":39,"column":27},"end":{"line":39,"column":28}},"loc":{"start":{"line":39,"column":33},"end":{"line":42,"column":5}},"line":39}},"branchMap":{"0":{"loc":{"start":{"line":19,"column":2},"end":{"line":21,"column":3}},"type":"if","locations":[{"start":{"line":19,"column":2},"end":{"line":21,"column":3}},{"start":{"line":19,"column":2},"end":{"line":21,"column":3}}],"line":19}},"s":{"0":3,"1":3,"2":3,"3":3,"4":3,"5":3,"6":2,"7":3,"8":2,"9":0,"10":2,"11":2,"12":2,"13":2,"14":0,"15":0,"16":2,"17":2,"18":2,"19":2,"20":2,"21":2,"22":3,"23":3,"24":3},"f":{"0":2,"1":2,"2":0,"3":2,"4":2},"b":{"0":[0,2]},"_coverageSchema":"1a1c01bbd47fc00a2c39e90264f33305004495a9","hash":"ee660bc0ca9d95b075f9dc40902fd4459819f238"}
,"/home/vaniairnanda/Documents/H8tasks/final-project/server/models/index.js": {"path":"/home/vaniairnanda/Documents/H8tasks/final-project/server/models/index.js","statementMap":{"0":{"start":{"line":1,"column":13},"end":{"line":1,"column":35}},"1":{"start":{"line":2,"column":14},"end":{"line":2,"column":37}},"2":{"start":{"line":3,"column":13},"end":{"line":3,"column":35}},"3":{"start":{"line":5,"column":0},"end":{"line":7,"column":1}}},"fnMap":{},"branchMap":{},"s":{"0":3,"1":3,"2":3,"3":3},"f":{},"b":{},"_coverageSchema":"1a1c01bbd47fc00a2c39e90264f33305004495a9","hash":"d56366cd20d525eebe061768402fcddca96d94c9"}
,"/home/vaniairnanda/Documents/H8tasks/final-project/server/models/roomModel.js": {"path":"/home/vaniairnanda/Documents/H8tasks/final-project/server/models/roomModel.js","statementMap":{"0":{"start":{"line":1,"column":17},"end":{"line":1,"column":36}},"1":{"start":{"line":2,"column":15},"end":{"line":2,"column":30}},"2":{"start":{"line":4,"column":17},"end":{"line":16,"column":1}},"3":{"start":{"line":18,"column":11},"end":{"line":18,"column":45}},"4":{"start":{"line":19,"column":0},"end":{"line":19,"column":22}}},"fnMap":{},"branchMap":{},"s":{"0":3,"1":3,"2":3,"3":3,"4":3},"f":{},"b":{},"_coverageSchema":"1a1c01bbd47fc00a2c39e90264f33305004495a9","hash":"7bbb3575df6d443dc67f282f3dcf5e6b3254a9db"}
,"/home/vaniairnanda/Documents/H8tasks/final-project/server/models/trackModel.js": {"path":"/home/vaniairnanda/Documents/H8tasks/final-project/server/models/trackModel.js","statementMap":{"0":{"start":{"line":1,"column":17},"end":{"line":1,"column":36}},"1":{"start":{"line":2,"column":15},"end":{"line":2,"column":30}},"2":{"start":{"line":4,"column":18},"end":{"line":9,"column":2}},"3":{"start":{"line":11,"column":12},"end":{"line":11,"column":48}},"4":{"start":{"line":12,"column":0},"end":{"line":12,"column":23}}},"fnMap":{},"branchMap":{},"s":{"0":3,"1":3,"2":3,"3":3,"4":3},"f":{},"b":{},"_coverageSchema":"1a1c01bbd47fc00a2c39e90264f33305004495a9","hash":"3369374f315997b1353bf6b0b3570e573643d2b1"}
,"/home/vaniairnanda/Documents/H8tasks/final-project/server/models/userModel.js": {"path":"/home/vaniairnanda/Documents/H8tasks/final-project/server/models/userModel.js","statementMap":{"0":{"start":{"line":1,"column":17},"end":{"line":1,"column":36}},"1":{"start":{"line":2,"column":15},"end":{"line":2,"column":30}},"2":{"start":{"line":4,"column":17},"end":{"line":11,"column":2}},"3":{"start":{"line":13,"column":11},"end":{"line":13,"column":45}},"4":{"start":{"line":14,"column":0},"end":{"line":14,"column":22}}},"fnMap":{},"branchMap":{},"s":{"0":3,"1":3,"2":3,"3":3,"4":3},"f":{},"b":{},"_coverageSchema":"1a1c01bbd47fc00a2c39e90264f33305004495a9","hash":"7c26a19a4e2316d91336185a1b26a585112d9737"}
,"/home/vaniairnanda/Documents/H8tasks/final-project/server/routes/index.js": {"path":"/home/vaniairnanda/Documents/H8tasks/final-project/server/routes/index.js","statementMap":{"0":{"start":{"line":1,"column":16},"end":{"line":1,"column":34}},"1":{"start":{"line":2,"column":15},"end":{"line":2,"column":31}},"2":{"start":{"line":3,"column":20},"end":{"line":3,"column":38}},"3":{"start":{"line":4,"column":19},"end":{"line":4,"column":36}},"4":{"start":{"line":5,"column":19},"end":{"line":5,"column":36}},"5":{"start":{"line":7,"column":0},"end":{"line":9,"column":3}},"6":{"start":{"line":8,"column":2},"end":{"line":8,"column":23}},"7":{"start":{"line":10,"column":0},"end":{"line":10,"column":33}},"8":{"start":{"line":11,"column":0},"end":{"line":11,"column":33}},"9":{"start":{"line":12,"column":0},"end":{"line":12,"column":35}},"10":{"start":{"line":14,"column":0},"end":{"line":14,"column":24}}},"fnMap":{"0":{"name":"(anonymous_0)","decl":{"start":{"line":7,"column":16},"end":{"line":7,"column":17}},"loc":{"start":{"line":7,"column":30},"end":{"line":9,"column":1}},"line":7}},"branchMap":{},"s":{"0":3,"1":3,"2":3,"3":3,"4":3,"5":3,"6":0,"7":3,"8":3,"9":3,"10":3},"f":{"0":0},"b":{},"_coverageSchema":"1a1c01bbd47fc00a2c39e90264f33305004495a9","hash":"1528b4a6e271325ac0f4a04ac9f510314efd092a"}
,"/home/vaniairnanda/Documents/H8tasks/final-project/server/routes/room.js": {"path":"/home/vaniairnanda/Documents/H8tasks/final-project/server/routes/room.js","statementMap":{"0":{"start":{"line":1,"column":16},"end":{"line":1,"column":34}},"1":{"start":{"line":2,"column":15},"end":{"line":2,"column":31}},"2":{"start":{"line":3,"column":27},"end":{"line":3,"column":58}},"3":{"start":{"line":4,"column":46},"end":{"line":4,"column":71}},"4":{"start":{"line":6,"column":0},"end":{"line":6,"column":27}},"5":{"start":{"line":7,"column":0},"end":{"line":7,"column":47}},"6":{"start":{"line":8,"column":0},"end":{"line":8,"column":40}},"7":{"start":{"line":9,"column":0},"end":{"line":9,"column":62}},"8":{"start":{"line":10,"column":0},"end":{"line":10,"column":69}},"9":{"start":{"line":11,"column":0},"end":{"line":15,"column":2}},"10":{"start":{"line":16,"column":0},"end":{"line":16,"column":68}},"11":{"start":{"line":17,"column":0},"end":{"line":17,"column":24}}},"fnMap":{},"branchMap":{},"s":{"0":3,"1":3,"2":3,"3":3,"4":3,"5":3,"6":3,"7":3,"8":3,"9":3,"10":3,"11":3},"f":{},"b":{},"_coverageSchema":"1a1c01bbd47fc00a2c39e90264f33305004495a9","hash":"f33ed46ab74b71d013dc5d27caabdd32b449f5af"}
,"/home/vaniairnanda/Documents/H8tasks/final-project/server/routes/track.js": {"path":"/home/vaniairnanda/Documents/H8tasks/final-project/server/routes/track.js","statementMap":{"0":{"start":{"line":1,"column":16},"end":{"line":1,"column":34}},"1":{"start":{"line":2,"column":15},"end":{"line":2,"column":31}},"2":{"start":{"line":3,"column":28},"end":{"line":3,"column":53}},"3":{"start":{"line":8,"column":4},"end":{"line":8,"column":35}},"4":{"start":{"line":10,"column":0},"end":{"line":10,"column":27}},"5":{"start":{"line":11,"column":0},"end":{"line":16,"column":2}},"6":{"start":{"line":17,"column":0},"end":{"line":17,"column":66}},"7":{"start":{"line":18,"column":0},"end":{"line":18,"column":24}}},"fnMap":{},"branchMap":{},"s":{"0":3,"1":3,"2":3,"3":3,"4":3,"5":3,"6":3,"7":3},"f":{},"b":{},"_coverageSchema":"1a1c01bbd47fc00a2c39e90264f33305004495a9","hash":"99b713ab5a2d85a66340488d0cf2eb383b70a9b8"}
,"/home/vaniairnanda/Documents/H8tasks/final-project/server/routes/user.js": {"path":"/home/vaniairnanda/Documents/H8tasks/final-project/server/routes/user.js","statementMap":{"0":{"start":{"line":1,"column":16},"end":{"line":1,"column":34}},"1":{"start":{"line":2,"column":15},"end":{"line":2,"column":31}},"2":{"start":{"line":3,"column":27},"end":{"line":3,"column":58}},"3":{"start":{"line":4,"column":23},"end":{"line":4,"column":63}},"4":{"start":{"line":6,"column":0},"end":{"line":6,"column":44}},"5":{"start":{"line":7,"column":0},"end":{"line":7,"column":27}},"6":{"start":{"line":8,"column":0},"end":{"line":8,"column":66}},"7":{"start":{"line":10,"column":0},"end":{"line":10,"column":24}}},"fnMap":{},"branchMap":{},"s":{"0":3,"1":3,"2":3,"3":3,"4":3,"5":3,"6":3,"7":3},"f":{},"b":{},"_coverageSchema":"1a1c01bbd47fc00a2c39e90264f33305004495a9","hash":"7e18a7b4dfc22c92fb5feaae6a7c04d655a38ef7"}
}
