{"/home/gabdomnovem/Desktop/Hacktiv8 Immersive/Week 9/FINAL PROJECT/server/app.js": {"path":"/home/gabdomnovem/Desktop/Hacktiv8 Immersive/Week 9/FINAL PROJECT/server/app.js","statementMap":{"0":{"start":{"line":1,"column":0},"end":{"line":1,"column":27}},"1":{"start":{"line":3,"column":16},"end":{"line":3,"column":34}},"2":{"start":{"line":4,"column":12},"end":{"line":4,"column":21}},"3":{"start":{"line":5,"column":13},"end":{"line":5,"column":29}},"4":{"start":{"line":6,"column":15},"end":{"line":6,"column":32}},"5":{"start":{"line":7,"column":15},"end":{"line":7,"column":40}},"6":{"start":{"line":8,"column":13},"end":{"line":8,"column":28}},"7":{"start":{"line":9,"column":17},"end":{"line":9,"column":36}},"8":{"start":{"line":10,"column":21},"end":{"line":10,"column":58}},"9":{"start":{"line":11,"column":0},"end":{"line":11,"column":16}},"10":{"start":{"line":12,"column":0},"end":{"line":12,"column":23}},"11":{"start":{"line":13,"column":0},"end":{"line":17,"column":3}},"12":{"start":{"line":19,"column":0},"end":{"line":19,"column":49}},"13":{"start":{"line":20,"column":0},"end":{"line":20,"column":24}},"14":{"start":{"line":21,"column":0},"end":{"line":21,"column":21}},"15":{"start":{"line":23,"column":0},"end":{"line":23,"column":27}},"16":{"start":{"line":25,"column":0},"end":{"line":25,"column":21}}},"fnMap":{},"branchMap":{},"s":{"0":3,"1":3,"2":3,"3":3,"4":3,"5":3,"6":3,"7":3,"8":3,"9":3,"10":3,"11":3,"12":3,"13":3,"14":3,"15":3,"16":3},"f":{},"b":{},"_coverageSchema":"1a1c01bbd47fc00a2c39e90264f33305004495a9","hash":"c63bd135623a67e98966b8f97186303c3c0c609e"}
,"/home/gabdomnovem/Desktop/Hacktiv8 Immersive/Week 9/FINAL PROJECT/server/controllers/RoomController.js": {"path":"/home/gabdomnovem/Desktop/Hacktiv8 Immersive/Week 9/FINAL PROJECT/server/controllers/RoomController.js","statementMap":{"0":{"start":{"line":1,"column":30},"end":{"line":1,"column":51}},"1":{"start":{"line":2,"column":17},"end":{"line":2,"column":51}},"2":{"start":{"line":6,"column":4},"end":{"line":18,"column":9}},"3":{"start":{"line":14,"column":8},"end":{"line":14,"column":35}},"4":{"start":{"line":17,"column":8},"end":{"line":17,"column":18}},"5":{"start":{"line":21,"column":4},"end":{"line":27,"column":9}},"6":{"start":{"line":23,"column":8},"end":{"line":23,"column":63}},"7":{"start":{"line":26,"column":8},"end":{"line":26,"column":18}},"8":{"start":{"line":31,"column":4},"end":{"line":43,"column":9}},"9":{"start":{"line":39,"column":8},"end":{"line":39,"column":35}},"10":{"start":{"line":42,"column":8},"end":{"line":42,"column":18}},"11":{"start":{"line":47,"column":4},"end":{"line":68,"column":9}},"12":{"start":{"line":55,"column":8},"end":{"line":61,"column":10}},"13":{"start":{"line":64,"column":8},"end":{"line":64,"column":35}},"14":{"start":{"line":67,"column":8},"end":{"line":67,"column":18}},"15":{"start":{"line":72,"column":4},"end":{"line":83,"column":9}},"16":{"start":{"line":79,"column":8},"end":{"line":79,"column":35}},"17":{"start":{"line":82,"column":8},"end":{"line":82,"column":18}},"18":{"start":{"line":87,"column":16},"end":{"line":87,"column":18}},"19":{"start":{"line":88,"column":19},"end":{"line":88,"column":21}},"20":{"start":{"line":89,"column":4},"end":{"line":100,"column":9}},"21":{"start":{"line":91,"column":8},"end":{"line":91,"column":23}},"22":{"start":{"line":92,"column":8},"end":{"line":92,"column":57}},"23":{"start":{"line":95,"column":8},"end":{"line":95,"column":25}},"24":{"start":{"line":96,"column":8},"end":{"line":96,"column":50}},"25":{"start":{"line":99,"column":8},"end":{"line":99,"column":18}},"26":{"start":{"line":104,"column":15},"end":{"line":104,"column":17}},"27":{"start":{"line":105,"column":4},"end":{"line":114,"column":19}},"28":{"start":{"line":107,"column":8},"end":{"line":107,"column":27}},"29":{"start":{"line":108,"column":8},"end":{"line":108,"column":53}},"30":{"start":{"line":111,"column":8},"end":{"line":111,"column":29}},"31":{"start":{"line":112,"column":8},"end":{"line":112,"column":35}},"32":{"start":{"line":118,"column":0},"end":{"line":118,"column":32}}},"fnMap":{"0":{"name":"(anonymous_0)","decl":{"start":{"line":5,"column":2},"end":{"line":5,"column":3}},"loc":{"start":{"line":5,"column":32},"end":{"line":19,"column":3}},"line":5},"1":{"name":"(anonymous_1)","decl":{"start":{"line":13,"column":12},"end":{"line":13,"column":13}},"loc":{"start":{"line":13,"column":20},"end":{"line":15,"column":7}},"line":13},"2":{"name":"(anonymous_2)","decl":{"start":{"line":16,"column":13},"end":{"line":16,"column":14}},"loc":{"start":{"line":16,"column":20},"end":{"line":18,"column":7}},"line":16},"3":{"name":"(anonymous_3)","decl":{"start":{"line":20,"column":2},"end":{"line":20,"column":3}},"loc":{"start":{"line":20,"column":32},"end":{"line":28,"column":3}},"line":20},"4":{"name":"(anonymous_4)","decl":{"start":{"line":22,"column":12},"end":{"line":22,"column":13}},"loc":{"start":{"line":22,"column":17},"end":{"line":24,"column":7}},"line":22},"5":{"name":"(anonymous_5)","decl":{"start":{"line":25,"column":13},"end":{"line":25,"column":14}},"loc":{"start":{"line":25,"column":20},"end":{"line":27,"column":7}},"line":25},"6":{"name":"(anonymous_6)","decl":{"start":{"line":30,"column":2},"end":{"line":30,"column":3}},"loc":{"start":{"line":30,"column":32},"end":{"line":44,"column":3}},"line":30},"7":{"name":"(anonymous_7)","decl":{"start":{"line":38,"column":12},"end":{"line":38,"column":13}},"loc":{"start":{"line":38,"column":20},"end":{"line":40,"column":7}},"line":38},"8":{"name":"(anonymous_8)","decl":{"start":{"line":41,"column":13},"end":{"line":41,"column":14}},"loc":{"start":{"line":41,"column":20},"end":{"line":43,"column":7}},"line":41},"9":{"name":"(anonymous_9)","decl":{"start":{"line":46,"column":2},"end":{"line":46,"column":3}},"loc":{"start":{"line":46,"column":38},"end":{"line":69,"column":3}},"line":46},"10":{"name":"(anonymous_10)","decl":{"start":{"line":54,"column":12},"end":{"line":54,"column":13}},"loc":{"start":{"line":54,"column":20},"end":{"line":62,"column":7}},"line":54},"11":{"name":"(anonymous_11)","decl":{"start":{"line":63,"column":12},"end":{"line":63,"column":13}},"loc":{"start":{"line":63,"column":20},"end":{"line":65,"column":7}},"line":63},"12":{"name":"(anonymous_12)","decl":{"start":{"line":66,"column":13},"end":{"line":66,"column":14}},"loc":{"start":{"line":66,"column":20},"end":{"line":68,"column":7}},"line":66},"13":{"name":"(anonymous_13)","decl":{"start":{"line":71,"column":2},"end":{"line":71,"column":3}},"loc":{"start":{"line":71,"column":38},"end":{"line":84,"column":3}},"line":71},"14":{"name":"(anonymous_14)","decl":{"start":{"line":78,"column":12},"end":{"line":78,"column":13}},"loc":{"start":{"line":78,"column":20},"end":{"line":80,"column":7}},"line":78},"15":{"name":"(anonymous_15)","decl":{"start":{"line":81,"column":13},"end":{"line":81,"column":14}},"loc":{"start":{"line":81,"column":20},"end":{"line":83,"column":7}},"line":81},"16":{"name":"(anonymous_16)","decl":{"start":{"line":86,"column":2},"end":{"line":86,"column":3}},"loc":{"start":{"line":86,"column":38},"end":{"line":101,"column":3}},"line":86},"17":{"name":"(anonymous_17)","decl":{"start":{"line":90,"column":12},"end":{"line":90,"column":13}},"loc":{"start":{"line":90,"column":22},"end":{"line":93,"column":7}},"line":90},"18":{"name":"(anonymous_18)","decl":{"start":{"line":94,"column":12},"end":{"line":94,"column":13}},"loc":{"start":{"line":94,"column":21},"end":{"line":97,"column":7}},"line":94},"19":{"name":"(anonymous_19)","decl":{"start":{"line":98,"column":13},"end":{"line":98,"column":14}},"loc":{"start":{"line":98,"column":20},"end":{"line":100,"column":7}},"line":98},"20":{"name":"(anonymous_20)","decl":{"start":{"line":103,"column":2},"end":{"line":103,"column":3}},"loc":{"start":{"line":103,"column":39},"end":{"line":115,"column":3}},"line":103},"21":{"name":"(anonymous_21)","decl":{"start":{"line":106,"column":12},"end":{"line":106,"column":13}},"loc":{"start":{"line":106,"column":20},"end":{"line":109,"column":7}},"line":106},"22":{"name":"(anonymous_22)","decl":{"start":{"line":110,"column":12},"end":{"line":110,"column":13}},"loc":{"start":{"line":110,"column":22},"end":{"line":113,"column":7}},"line":110}},"branchMap":{},"s":{"0":3,"1":3,"2":2,"3":1,"4":1,"5":1,"6":1,"7":0,"8":1,"9":1,"10":0,"11":1,"12":1,"13":1,"14":0,"15":1,"16":1,"17":0,"18":1,"19":1,"20":1,"21":1,"22":1,"23":1,"24":1,"25":0,"26":1,"27":1,"28":1,"29":1,"30":1,"31":1,"32":3},"f":{"0":2,"1":1,"2":1,"3":1,"4":1,"5":0,"6":1,"7":1,"8":0,"9":1,"10":1,"11":1,"12":0,"13":1,"14":1,"15":0,"16":1,"17":1,"18":1,"19":0,"20":1,"21":1,"22":1},"b":{},"_coverageSchema":"1a1c01bbd47fc00a2c39e90264f33305004495a9","hash":"39c7daed3399ec4a8ed2139bb6d50206b65b25c5"}
,"/home/gabdomnovem/Desktop/Hacktiv8 Immersive/Week 9/FINAL PROJECT/server/controllers/TrackController.js": {"path":"/home/gabdomnovem/Desktop/Hacktiv8 Immersive/Week 9/FINAL PROJECT/server/controllers/TrackController.js","statementMap":{"0":{"start":{"line":1,"column":18},"end":{"line":1,"column":44}},"1":{"start":{"line":5,"column":4},"end":{"line":16,"column":9}},"2":{"start":{"line":12,"column":8},"end":{"line":12,"column":37}},"3":{"start":{"line":15,"column":8},"end":{"line":15,"column":18}},"4":{"start":{"line":20,"column":4},"end":{"line":26,"column":9}},"5":{"start":{"line":22,"column":8},"end":{"line":22,"column":63}},"6":{"start":{"line":25,"column":8},"end":{"line":25,"column":18}},"7":{"start":{"line":30,"column":0},"end":{"line":30,"column":33}}},"fnMap":{"0":{"name":"(anonymous_0)","decl":{"start":{"line":4,"column":2},"end":{"line":4,"column":3}},"loc":{"start":{"line":4,"column":32},"end":{"line":17,"column":3}},"line":4},"1":{"name":"(anonymous_1)","decl":{"start":{"line":11,"column":12},"end":{"line":11,"column":13}},"loc":{"start":{"line":11,"column":22},"end":{"line":13,"column":7}},"line":11},"2":{"name":"(anonymous_2)","decl":{"start":{"line":14,"column":13},"end":{"line":14,"column":14}},"loc":{"start":{"line":14,"column":20},"end":{"line":16,"column":7}},"line":14},"3":{"name":"(anonymous_3)","decl":{"start":{"line":19,"column":2},"end":{"line":19,"column":3}},"loc":{"start":{"line":19,"column":32},"end":{"line":27,"column":3}},"line":19},"4":{"name":"(anonymous_4)","decl":{"start":{"line":21,"column":12},"end":{"line":21,"column":13}},"loc":{"start":{"line":21,"column":17},"end":{"line":23,"column":7}},"line":21},"5":{"name":"(anonymous_5)","decl":{"start":{"line":24,"column":13},"end":{"line":24,"column":14}},"loc":{"start":{"line":24,"column":20},"end":{"line":26,"column":7}},"line":24}},"branchMap":{},"s":{"0":3,"1":2,"2":1,"3":1,"4":1,"5":1,"6":0,"7":3},"f":{"0":2,"1":1,"2":1,"3":1,"4":1,"5":0},"b":{},"_coverageSchema":"1a1c01bbd47fc00a2c39e90264f33305004495a9","hash":"f0bfb2ae9cb62408db6b9c69523c97bd09bdfbb2"}
,"/home/gabdomnovem/Desktop/Hacktiv8 Immersive/Week 9/FINAL PROJECT/server/controllers/UserController.js": {"path":"/home/gabdomnovem/Desktop/Hacktiv8 Immersive/Week 9/FINAL PROJECT/server/controllers/UserController.js","statementMap":{"0":{"start":{"line":1,"column":17},"end":{"line":1,"column":43}},"1":{"start":{"line":2,"column":14},"end":{"line":2,"column":30}},"2":{"start":{"line":3,"column":12},"end":{"line":3,"column":35}},"3":{"start":{"line":4,"column":21},"end":{"line":4,"column":55}},"4":{"start":{"line":8,"column":4},"end":{"line":58,"column":9}},"5":{"start":{"line":17,"column":8},"end":{"line":54,"column":11}},"6":{"start":{"line":18,"column":10},"end":{"line":53,"column":11}},"7":{"start":{"line":19,"column":33},"end":{"line":22,"column":13}},"8":{"start":{"line":23,"column":12},"end":{"line":23,"column":57}},"9":{"start":{"line":25,"column":12},"end":{"line":52,"column":17}},"10":{"start":{"line":34,"column":16},"end":{"line":34,"column":42}},"11":{"start":{"line":35,"column":28},"end":{"line":35,"column":48}},"12":{"start":{"line":36,"column":28},"end":{"line":38,"column":94}},"13":{"start":{"line":39,"column":16},"end":{"line":44,"column":19}},"14":{"start":{"line":47,"column":37},"end":{"line":50,"column":17}},"15":{"start":{"line":51,"column":16},"end":{"line":51,"column":61}},"16":{"start":{"line":57,"column":8},"end":{"line":57,"column":18}},"17":{"start":{"line":62,"column":4},"end":{"line":74,"column":9}},"18":{"start":{"line":64,"column":8},"end":{"line":64,"column":48}},"19":{"start":{"line":67,"column":21},"end":{"line":69,"column":10}},"20":{"start":{"line":68,"column":10},"end":{"line":68,"column":80}},"21":{"start":{"line":70,"column":8},"end":{"line":70,"column":37}},"22":{"start":{"line":73,"column":8},"end":{"line":73,"column":18}},"23":{"start":{"line":78,"column":0},"end":{"line":78,"column":32}}},"fnMap":{"0":{"name":"(anonymous_0)","decl":{"start":{"line":7,"column":2},"end":{"line":7,"column":3}},"loc":{"start":{"line":7,"column":31},"end":{"line":59,"column":3}},"line":7},"1":{"name":"(anonymous_1)","decl":{"start":{"line":16,"column":12},"end":{"line":16,"column":13}},"loc":{"start":{"line":16,"column":26},"end":{"line":55,"column":7}},"line":16},"2":{"name":"(anonymous_2)","decl":{"start":{"line":17,"column":49},"end":{"line":17,"column":50}},"loc":{"start":{"line":17,"column":57},"end":{"line":54,"column":9}},"line":17},"3":{"name":"(anonymous_3)","decl":{"start":{"line":33,"column":20},"end":{"line":33,"column":21}},"loc":{"start":{"line":33,"column":42},"end":{"line":45,"column":15}},"line":33},"4":{"name":"(anonymous_4)","decl":{"start":{"line":46,"column":20},"end":{"line":46,"column":21}},"loc":{"start":{"line":46,"column":28},"end":{"line":52,"column":15}},"line":46},"5":{"name":"(anonymous_5)","decl":{"start":{"line":56,"column":13},"end":{"line":56,"column":14}},"loc":{"start":{"line":56,"column":20},"end":{"line":58,"column":7}},"line":56},"6":{"name":"(anonymous_6)","decl":{"start":{"line":61,"column":2},"end":{"line":61,"column":3}},"loc":{"start":{"line":61,"column":44},"end":{"line":75,"column":3}},"line":61},"7":{"name":"(anonymous_7)","decl":{"start":{"line":63,"column":12},"end":{"line":63,"column":13}},"loc":{"start":{"line":63,"column":20},"end":{"line":65,"column":7}},"line":63},"8":{"name":"(anonymous_8)","decl":{"start":{"line":66,"column":12},"end":{"line":66,"column":13}},"loc":{"start":{"line":66,"column":31},"end":{"line":71,"column":7}},"line":66},"9":{"name":"(anonymous_9)","decl":{"start":{"line":67,"column":44},"end":{"line":67,"column":45}},"loc":{"start":{"line":67,"column":62},"end":{"line":69,"column":9}},"line":67},"10":{"name":"(anonymous_10)","decl":{"start":{"line":72,"column":13},"end":{"line":72,"column":14}},"loc":{"start":{"line":72,"column":20},"end":{"line":74,"column":7}},"line":72}},"branchMap":{"0":{"loc":{"start":{"line":18,"column":10},"end":{"line":53,"column":11}},"type":"if","locations":[{"start":{"line":18,"column":10},"end":{"line":53,"column":11}},{"start":{"line":18,"column":10},"end":{"line":53,"column":11}}],"line":18},"1":{"loc":{"start":{"line":36,"column":28},"end":{"line":38,"column":94}},"type":"cond-expr","locations":[{"start":{"line":37,"column":20},"end":{"line":37,"column":38}},{"start":{"line":38,"column":20},"end":{"line":38,"column":94}}],"line":36}},"s":{"0":3,"1":3,"2":3,"3":3,"4":3,"5":3,"6":3,"7":1,"8":1,"9":2,"10":2,"11":2,"12":2,"13":2,"14":2,"15":2,"16":0,"17":1,"18":1,"19":1,"20":2,"21":1,"22":0,"23":3},"f":{"0":3,"1":3,"2":3,"3":2,"4":2,"5":0,"6":1,"7":1,"8":1,"9":2,"10":0},"b":{"0":[1,2],"1":[2,0]},"_coverageSchema":"1a1c01bbd47fc00a2c39e90264f33305004495a9","hash":"c69973aba32e21f77d28f9e89b9bc6d2de27d576"}
,"/home/gabdomnovem/Desktop/Hacktiv8 Immersive/Week 9/FINAL PROJECT/server/controllers/index.js": {"path":"/home/gabdomnovem/Desktop/Hacktiv8 Immersive/Week 9/FINAL PROJECT/server/controllers/index.js","statementMap":{"0":{"start":{"line":1,"column":23},"end":{"line":1,"column":50}},"1":{"start":{"line":2,"column":24},"end":{"line":2,"column":52}},"2":{"start":{"line":3,"column":23},"end":{"line":3,"column":50}},"3":{"start":{"line":5,"column":0},"end":{"line":7,"column":1}}},"fnMap":{},"branchMap":{},"s":{"0":3,"1":3,"2":3,"3":3},"f":{},"b":{},"_coverageSchema":"1a1c01bbd47fc00a2c39e90264f33305004495a9","hash":"d4bfd3f68e78529535e882c8bfc07dbbdad3e092"}
,"/home/gabdomnovem/Desktop/Hacktiv8 Immersive/Week 9/FINAL PROJECT/server/helpers/genreCounter.js": {"path":"/home/gabdomnovem/Desktop/Hacktiv8 Immersive/Week 9/FINAL PROJECT/server/helpers/genreCounter.js","statementMap":{"0":{"start":{"line":1,"column":0},"end":{"line":76,"column":2}},"1":{"start":{"line":2,"column":18},"end":{"line":59,"column":3}},"2":{"start":{"line":61,"column":20},"end":{"line":61,"column":22}},"3":{"start":{"line":62,"column":2},"end":{"line":66,"column":5}},"4":{"start":{"line":63,"column":4},"end":{"line":65,"column":7}},"5":{"start":{"line":64,"column":6},"end":{"line":64,"column":30}},"6":{"start":{"line":67,"column":2},"end":{"line":74,"column":5}},"7":{"start":{"line":68,"column":20},"end":{"line":68,"column":48}},"8":{"start":{"line":69,"column":4},"end":{"line":73,"column":7}},"9":{"start":{"line":70,"column":6},"end":{"line":72,"column":7}},"10":{"start":{"line":71,"column":8},"end":{"line":71,"column":29}},"11":{"start":{"line":75,"column":2},"end":{"line":75,"column":46}}},"fnMap":{"0":{"name":"genreCounter","decl":{"start":{"line":1,"column":26},"end":{"line":1,"column":38}},"loc":{"start":{"line":1,"column":47},"end":{"line":76,"column":1}},"line":1},"1":{"name":"(anonymous_1)","decl":{"start":{"line":62,"column":23},"end":{"line":62,"column":24}},"loc":{"start":{"line":62,"column":33},"end":{"line":66,"column":3}},"line":62},"2":{"name":"(anonymous_2)","decl":{"start":{"line":63,"column":26},"end":{"line":63,"column":27}},"loc":{"start":{"line":63,"column":35},"end":{"line":65,"column":5}},"line":63},"3":{"name":"(anonymous_3)","decl":{"start":{"line":67,"column":20},"end":{"line":67,"column":21}},"loc":{"start":{"line":67,"column":33},"end":{"line":74,"column":3}},"line":67},"4":{"name":"(anonymous_4)","decl":{"start":{"line":69,"column":24},"end":{"line":69,"column":25}},"loc":{"start":{"line":69,"column":37},"end":{"line":73,"column":5}},"line":69}},"branchMap":{"0":{"loc":{"start":{"line":70,"column":6},"end":{"line":72,"column":7}},"type":"if","locations":[{"start":{"line":70,"column":6},"end":{"line":72,"column":7}},{"start":{"line":70,"column":6},"end":{"line":72,"column":7}}],"line":70}},"s":{"0":3,"1":2,"2":2,"3":2,"4":2,"5":2,"6":2,"7":28,"8":28,"9":28,"10":0,"11":2},"f":{"0":2,"1":2,"2":2,"3":28,"4":28},"b":{"0":[0,28]},"_coverageSchema":"1a1c01bbd47fc00a2c39e90264f33305004495a9","hash":"50834dead884daffdc7e3fd48b3421b49da6b94b"}
,"/home/gabdomnovem/Desktop/Hacktiv8 Immersive/Week 9/FINAL PROJECT/server/middlewares/authentication.js": {"path":"/home/gabdomnovem/Desktop/Hacktiv8 Immersive/Week 9/FINAL PROJECT/server/middlewares/authentication.js","statementMap":{"0":{"start":{"line":1,"column":12},"end":{"line":1,"column":35}},"1":{"start":{"line":2,"column":17},"end":{"line":2,"column":43}},"2":{"start":{"line":4,"column":0},"end":{"line":27,"column":2}},"3":{"start":{"line":5,"column":16},"end":{"line":5,"column":40}},"4":{"start":{"line":6,"column":2},"end":{"line":26,"column":3}},"5":{"start":{"line":7,"column":18},"end":{"line":7,"column":55}},"6":{"start":{"line":8,"column":4},"end":{"line":23,"column":9}},"7":{"start":{"line":12,"column":8},"end":{"line":19,"column":9}},"8":{"start":{"line":13,"column":10},"end":{"line":13,"column":41}},"9":{"start":{"line":14,"column":10},"end":{"line":14,"column":17}},"10":{"start":{"line":16,"column":10},"end":{"line":18,"column":13}},"11":{"start":{"line":22,"column":8},"end":{"line":22,"column":18}},"12":{"start":{"line":25,"column":4},"end":{"line":25,"column":14}}},"fnMap":{"0":{"name":"(anonymous_0)","decl":{"start":{"line":4,"column":17},"end":{"line":4,"column":18}},"loc":{"start":{"line":4,"column":42},"end":{"line":27,"column":1}},"line":4},"1":{"name":"(anonymous_1)","decl":{"start":{"line":11,"column":12},"end":{"line":11,"column":13}},"loc":{"start":{"line":11,"column":22},"end":{"line":20,"column":7}},"line":11},"2":{"name":"(anonymous_2)","decl":{"start":{"line":21,"column":13},"end":{"line":21,"column":14}},"loc":{"start":{"line":21,"column":20},"end":{"line":23,"column":7}},"line":21}},"branchMap":{"0":{"loc":{"start":{"line":12,"column":8},"end":{"line":19,"column":9}},"type":"if","locations":[{"start":{"line":12,"column":8},"end":{"line":19,"column":9}},{"start":{"line":12,"column":8},"end":{"line":19,"column":9}}],"line":12}},"s":{"0":3,"1":3,"2":3,"3":16,"4":16,"5":16,"6":14,"7":14,"8":14,"9":14,"10":0,"11":0,"12":2},"f":{"0":16,"1":14,"2":0},"b":{"0":[14,0]},"_coverageSchema":"1a1c01bbd47fc00a2c39e90264f33305004495a9","hash":"5a94a9f997e9f9f4ab57c1e77c4c7660449356f5"}
,"/home/gabdomnovem/Desktop/Hacktiv8 Immersive/Week 9/FINAL PROJECT/server/middlewares/errorHandler.js": {"path":"/home/gabdomnovem/Desktop/Hacktiv8 Immersive/Week 9/FINAL PROJECT/server/middlewares/errorHandler.js","statementMap":{"0":{"start":{"line":1,"column":0},"end":{"line":25,"column":2}},"1":{"start":{"line":2,"column":25},"end":{"line":2,"column":44}},"2":{"start":{"line":3,"column":2},"end":{"line":24,"column":3}},"3":{"start":{"line":4,"column":4},"end":{"line":6,"column":7}},"4":{"start":{"line":7,"column":4},"end":{"line":7,"column":11}},"5":{"start":{"line":8,"column":9},"end":{"line":24,"column":3}},"6":{"start":{"line":9,"column":27},"end":{"line":9,"column":37}},"7":{"start":{"line":10,"column":19},"end":{"line":10,"column":21}},"8":{"start":{"line":11,"column":4},"end":{"line":13,"column":5}},"9":{"start":{"line":12,"column":6},"end":{"line":12,"column":47}},"10":{"start":{"line":14,"column":4},"end":{"line":14,"column":37}},"11":{"start":{"line":15,"column":9},"end":{"line":24,"column":3}},"12":{"start":{"line":16,"column":4},"end":{"line":18,"column":7}},"13":{"start":{"line":20,"column":4},"end":{"line":22,"column":7}},"14":{"start":{"line":23,"column":4},"end":{"line":23,"column":11}}},"fnMap":{"0":{"name":"(anonymous_0)","decl":{"start":{"line":1,"column":17},"end":{"line":1,"column":18}},"loc":{"start":{"line":1,"column":47},"end":{"line":25,"column":1}},"line":1}},"branchMap":{"0":{"loc":{"start":{"line":3,"column":2},"end":{"line":24,"column":3}},"type":"if","locations":[{"start":{"line":3,"column":2},"end":{"line":24,"column":3}},{"start":{"line":3,"column":2},"end":{"line":24,"column":3}}],"line":3},"1":{"loc":{"start":{"line":8,"column":9},"end":{"line":24,"column":3}},"type":"if","locations":[{"start":{"line":8,"column":9},"end":{"line":24,"column":3}},{"start":{"line":8,"column":9},"end":{"line":24,"column":3}}],"line":8},"2":{"loc":{"start":{"line":15,"column":9},"end":{"line":24,"column":3}},"type":"if","locations":[{"start":{"line":15,"column":9},"end":{"line":24,"column":3}},{"start":{"line":15,"column":9},"end":{"line":24,"column":3}}],"line":15}},"s":{"0":3,"1":5,"2":5,"3":0,"4":0,"5":5,"6":2,"7":2,"8":2,"9":2,"10":2,"11":3,"12":3,"13":0,"14":0},"f":{"0":5},"b":{"0":[0,5],"1":[2,3],"2":[3,0]},"_coverageSchema":"1a1c01bbd47fc00a2c39e90264f33305004495a9","hash":"cfdf066682c9049b1c5fdf7908c6087a4eee6d1e"}
,"/home/gabdomnovem/Desktop/Hacktiv8 Immersive/Week 9/FINAL PROJECT/server/middlewares/index.js": {"path":"/home/gabdomnovem/Desktop/Hacktiv8 Immersive/Week 9/FINAL PROJECT/server/middlewares/index.js","statementMap":{"0":{"start":{"line":1,"column":21},"end":{"line":1,"column":46}},"1":{"start":{"line":2,"column":23},"end":{"line":2,"column":50}},"2":{"start":{"line":3,"column":26},"end":{"line":3,"column":56}},"3":{"start":{"line":4,"column":27},"end":{"line":4,"column":58}},"4":{"start":{"line":5,"column":15},"end":{"line":5,"column":34}},"5":{"start":{"line":7,"column":0},"end":{"line":13,"column":2}}},"fnMap":{},"branchMap":{},"s":{"0":3,"1":3,"2":3,"3":3,"4":3,"5":3},"f":{},"b":{},"_coverageSchema":"1a1c01bbd47fc00a2c39e90264f33305004495a9","hash":"d67917ff2bd342cd380bf9be89482091b19cdeeb"}
,"/home/gabdomnovem/Desktop/Hacktiv8 Immersive/Week 9/FINAL PROJECT/server/middlewares/roomAuthorization.js": {"path":"/home/gabdomnovem/Desktop/Hacktiv8 Immersive/Week 9/FINAL PROJECT/server/middlewares/roomAuthorization.js","statementMap":{"0":{"start":{"line":1,"column":17},"end":{"line":1,"column":37}},"1":{"start":{"line":3,"column":0},"end":{"line":19,"column":2}},"2":{"start":{"line":4,"column":2},"end":{"line":18,"column":7}},"3":{"start":{"line":6,"column":6},"end":{"line":14,"column":7}},"4":{"start":{"line":7,"column":8},"end":{"line":7,"column":15}},"5":{"start":{"line":8,"column":13},"end":{"line":14,"column":7}},"6":{"start":{"line":9,"column":8},"end":{"line":9,"column":15}},"7":{"start":{"line":11,"column":8},"end":{"line":13,"column":73}},"8":{"start":{"line":17,"column":6},"end":{"line":17,"column":16}}},"fnMap":{"0":{"name":"(anonymous_0)","decl":{"start":{"line":3,"column":17},"end":{"line":3,"column":18}},"loc":{"start":{"line":3,"column":42},"end":{"line":19,"column":1}},"line":3},"1":{"name":"(anonymous_1)","decl":{"start":{"line":5,"column":10},"end":{"line":5,"column":11}},"loc":{"start":{"line":5,"column":18},"end":{"line":15,"column":5}},"line":5},"2":{"name":"(anonymous_2)","decl":{"start":{"line":16,"column":11},"end":{"line":16,"column":12}},"loc":{"start":{"line":16,"column":18},"end":{"line":18,"column":5}},"line":16}},"branchMap":{"0":{"loc":{"start":{"line":6,"column":6},"end":{"line":14,"column":7}},"type":"if","locations":[{"start":{"line":6,"column":6},"end":{"line":14,"column":7}},{"start":{"line":6,"column":6},"end":{"line":14,"column":7}}],"line":6},"1":{"loc":{"start":{"line":8,"column":13},"end":{"line":14,"column":7}},"type":"if","locations":[{"start":{"line":8,"column":13},"end":{"line":14,"column":7}},{"start":{"line":8,"column":13},"end":{"line":14,"column":7}}],"line":8}},"s":{"0":3,"1":3,"2":3,"3":3,"4":2,"5":1,"6":0,"7":1,"8":0},"f":{"0":3,"1":3,"2":0},"b":{"0":[2,1],"1":[0,1]},"_coverageSchema":"1a1c01bbd47fc00a2c39e90264f33305004495a9","hash":"cd8ce4cc0b62fdf79e31eb2b4059fa7ad85a1c2c"}
,"/home/gabdomnovem/Desktop/Hacktiv8 Immersive/Week 9/FINAL PROJECT/server/middlewares/trackAuthorization.js": {"path":"/home/gabdomnovem/Desktop/Hacktiv8 Immersive/Week 9/FINAL PROJECT/server/middlewares/trackAuthorization.js","statementMap":{"0":{"start":{"line":1,"column":18},"end":{"line":1,"column":38}},"1":{"start":{"line":3,"column":0},"end":{"line":17,"column":2}},"2":{"start":{"line":4,"column":2},"end":{"line":16,"column":7}},"3":{"start":{"line":6,"column":6},"end":{"line":12,"column":7}},"4":{"start":{"line":7,"column":8},"end":{"line":7,"column":15}},"5":{"start":{"line":9,"column":8},"end":{"line":11,"column":73}},"6":{"start":{"line":15,"column":6},"end":{"line":15,"column":16}}},"fnMap":{"0":{"name":"(anonymous_0)","decl":{"start":{"line":3,"column":17},"end":{"line":3,"column":18}},"loc":{"start":{"line":3,"column":42},"end":{"line":17,"column":1}},"line":3},"1":{"name":"(anonymous_1)","decl":{"start":{"line":5,"column":10},"end":{"line":5,"column":11}},"loc":{"start":{"line":5,"column":19},"end":{"line":13,"column":5}},"line":5},"2":{"name":"(anonymous_2)","decl":{"start":{"line":14,"column":11},"end":{"line":14,"column":12}},"loc":{"start":{"line":14,"column":18},"end":{"line":16,"column":5}},"line":14}},"branchMap":{"0":{"loc":{"start":{"line":6,"column":6},"end":{"line":12,"column":7}},"type":"if","locations":[{"start":{"line":6,"column":6},"end":{"line":12,"column":7}},{"start":{"line":6,"column":6},"end":{"line":12,"column":7}}],"line":6}},"s":{"0":3,"1":3,"2":2,"3":2,"4":1,"5":0,"6":1},"f":{"0":2,"1":2,"2":1},"b":{"0":[1,0]},"_coverageSchema":"1a1c01bbd47fc00a2c39e90264f33305004495a9","hash":"0415a115d9d3845a153c05548eb5f115963c4f26"}
,"/home/gabdomnovem/Desktop/Hacktiv8 Immersive/Week 9/FINAL PROJECT/server/middlewares/tracks.js": {"path":"/home/gabdomnovem/Desktop/Hacktiv8 Immersive/Week 9/FINAL PROJECT/server/middlewares/tracks.js","statementMap":{"0":{"start":{"line":2,"column":0},"end":{"line":2,"column":27}},"1":{"start":{"line":4,"column":20},"end":{"line":4,"column":52}},"2":{"start":{"line":6,"column":21},"end":{"line":6,"column":45}},"3":{"start":{"line":8,"column":16},"end":{"line":11,"column":2}},"4":{"start":{"line":12,"column":15},"end":{"line":12,"column":43}},"5":{"start":{"line":14,"column":21},"end":{"line":16,"column":1}},"6":{"start":{"line":15,"column":2},"end":{"line":15,"column":70}},"7":{"start":{"line":18,"column":24},"end":{"line":46,"column":1}},"8":{"start":{"line":19,"column":2},"end":{"line":21,"column":3}},"9":{"start":{"line":20,"column":4},"end":{"line":20,"column":18}},"10":{"start":{"line":23,"column":18},"end":{"line":23,"column":52}},"11":{"start":{"line":24,"column":15},"end":{"line":24,"column":35}},"12":{"start":{"line":26,"column":17},"end":{"line":30,"column":4}},"13":{"start":{"line":32,"column":2},"end":{"line":35,"column":5}},"14":{"start":{"line":33,"column":4},"end":{"line":33,"column":37}},"15":{"start":{"line":34,"column":4},"end":{"line":34,"column":14}},"16":{"start":{"line":37,"column":2},"end":{"line":43,"column":5}},"17":{"start":{"line":38,"column":4},"end":{"line":38,"column":42}},"18":{"start":{"line":39,"column":4},"end":{"line":42,"column":7}},"19":{"start":{"line":40,"column":6},"end":{"line":40,"column":61}},"20":{"start":{"line":41,"column":6},"end":{"line":41,"column":13}},"21":{"start":{"line":45,"column":2},"end":{"line":45,"column":30}},"22":{"start":{"line":48,"column":15},"end":{"line":48,"column":32}},"23":{"start":{"line":49,"column":11},"end":{"line":55,"column":4}},"24":{"start":{"line":57,"column":0},"end":{"line":61,"column":2}}},"fnMap":{"0":{"name":"(anonymous_0)","decl":{"start":{"line":14,"column":21},"end":{"line":14,"column":22}},"loc":{"start":{"line":14,"column":33},"end":{"line":16,"column":1}},"line":14},"1":{"name":"(anonymous_1)","decl":{"start":{"line":18,"column":24},"end":{"line":18,"column":25}},"loc":{"start":{"line":18,"column":44},"end":{"line":46,"column":1}},"line":18},"2":{"name":"(anonymous_2)","decl":{"start":{"line":32,"column":21},"end":{"line":32,"column":22}},"loc":{"start":{"line":32,"column":28},"end":{"line":35,"column":3}},"line":32},"3":{"name":"(anonymous_3)","decl":{"start":{"line":37,"column":22},"end":{"line":37,"column":23}},"loc":{"start":{"line":37,"column":28},"end":{"line":43,"column":3}},"line":37},"4":{"name":"(anonymous_4)","decl":{"start":{"line":39,"column":27},"end":{"line":39,"column":28}},"loc":{"start":{"line":39,"column":33},"end":{"line":42,"column":5}},"line":39}},"branchMap":{"0":{"loc":{"start":{"line":19,"column":2},"end":{"line":21,"column":3}},"type":"if","locations":[{"start":{"line":19,"column":2},"end":{"line":21,"column":3}},{"start":{"line":19,"column":2},"end":{"line":21,"column":3}}],"line":19}},"s":{"0":3,"1":3,"2":3,"3":3,"4":3,"5":3,"6":2,"7":3,"8":2,"9":0,"10":2,"11":2,"12":2,"13":2,"14":0,"15":0,"16":2,"17":2,"18":2,"19":2,"20":2,"21":2,"22":3,"23":3,"24":3},"f":{"0":2,"1":2,"2":0,"3":2,"4":2},"b":{"0":[0,2]},"_coverageSchema":"1a1c01bbd47fc00a2c39e90264f33305004495a9","hash":"ef7f1ca55896debd96de6ee336b2cd81797e3cb3"}
,"/home/gabdomnovem/Desktop/Hacktiv8 Immersive/Week 9/FINAL PROJECT/server/models/index.js": {"path":"/home/gabdomnovem/Desktop/Hacktiv8 Immersive/Week 9/FINAL PROJECT/server/models/index.js","statementMap":{"0":{"start":{"line":1,"column":13},"end":{"line":1,"column":35}},"1":{"start":{"line":2,"column":14},"end":{"line":2,"column":37}},"2":{"start":{"line":3,"column":13},"end":{"line":3,"column":35}},"3":{"start":{"line":5,"column":0},"end":{"line":7,"column":1}}},"fnMap":{},"branchMap":{},"s":{"0":3,"1":3,"2":3,"3":3},"f":{},"b":{},"_coverageSchema":"1a1c01bbd47fc00a2c39e90264f33305004495a9","hash":"2d959a11a14a96d6c6fa34f16c20cfb74aa0d2d9"}
,"/home/gabdomnovem/Desktop/Hacktiv8 Immersive/Week 9/FINAL PROJECT/server/models/roomModel.js": {"path":"/home/gabdomnovem/Desktop/Hacktiv8 Immersive/Week 9/FINAL PROJECT/server/models/roomModel.js","statementMap":{"0":{"start":{"line":1,"column":17},"end":{"line":1,"column":36}},"1":{"start":{"line":2,"column":15},"end":{"line":2,"column":30}},"2":{"start":{"line":4,"column":17},"end":{"line":16,"column":1}},"3":{"start":{"line":18,"column":11},"end":{"line":18,"column":45}},"4":{"start":{"line":19,"column":0},"end":{"line":19,"column":22}}},"fnMap":{},"branchMap":{},"s":{"0":3,"1":3,"2":3,"3":3,"4":3},"f":{},"b":{},"_coverageSchema":"1a1c01bbd47fc00a2c39e90264f33305004495a9","hash":"9a2897f8a4b64ed6f5ef4ab950bc7151f90cc9eb"}
,"/home/gabdomnovem/Desktop/Hacktiv8 Immersive/Week 9/FINAL PROJECT/server/models/trackModel.js": {"path":"/home/gabdomnovem/Desktop/Hacktiv8 Immersive/Week 9/FINAL PROJECT/server/models/trackModel.js","statementMap":{"0":{"start":{"line":1,"column":17},"end":{"line":1,"column":36}},"1":{"start":{"line":2,"column":15},"end":{"line":2,"column":30}},"2":{"start":{"line":4,"column":18},"end":{"line":9,"column":2}},"3":{"start":{"line":11,"column":12},"end":{"line":11,"column":48}},"4":{"start":{"line":12,"column":0},"end":{"line":12,"column":23}}},"fnMap":{},"branchMap":{},"s":{"0":3,"1":3,"2":3,"3":3,"4":3},"f":{},"b":{},"_coverageSchema":"1a1c01bbd47fc00a2c39e90264f33305004495a9","hash":"aa7133d083adbe72b9d8919f140264e6bec8582f"}
,"/home/gabdomnovem/Desktop/Hacktiv8 Immersive/Week 9/FINAL PROJECT/server/models/userModel.js": {"path":"/home/gabdomnovem/Desktop/Hacktiv8 Immersive/Week 9/FINAL PROJECT/server/models/userModel.js","statementMap":{"0":{"start":{"line":1,"column":17},"end":{"line":1,"column":36}},"1":{"start":{"line":2,"column":15},"end":{"line":2,"column":30}},"2":{"start":{"line":4,"column":17},"end":{"line":11,"column":2}},"3":{"start":{"line":13,"column":11},"end":{"line":13,"column":45}},"4":{"start":{"line":14,"column":0},"end":{"line":14,"column":22}}},"fnMap":{},"branchMap":{},"s":{"0":3,"1":3,"2":3,"3":3,"4":3},"f":{},"b":{},"_coverageSchema":"1a1c01bbd47fc00a2c39e90264f33305004495a9","hash":"98313bdc2007a660ad224d84ef854487aae2a412"}
,"/home/gabdomnovem/Desktop/Hacktiv8 Immersive/Week 9/FINAL PROJECT/server/routes/index.js": {"path":"/home/gabdomnovem/Desktop/Hacktiv8 Immersive/Week 9/FINAL PROJECT/server/routes/index.js","statementMap":{"0":{"start":{"line":1,"column":16},"end":{"line":1,"column":34}},"1":{"start":{"line":2,"column":15},"end":{"line":2,"column":31}},"2":{"start":{"line":3,"column":20},"end":{"line":3,"column":38}},"3":{"start":{"line":4,"column":19},"end":{"line":4,"column":36}},"4":{"start":{"line":5,"column":19},"end":{"line":5,"column":36}},"5":{"start":{"line":7,"column":0},"end":{"line":9,"column":3}},"6":{"start":{"line":8,"column":2},"end":{"line":8,"column":23}},"7":{"start":{"line":10,"column":0},"end":{"line":10,"column":33}},"8":{"start":{"line":11,"column":0},"end":{"line":11,"column":33}},"9":{"start":{"line":12,"column":0},"end":{"line":12,"column":35}},"10":{"start":{"line":14,"column":0},"end":{"line":14,"column":24}}},"fnMap":{"0":{"name":"(anonymous_0)","decl":{"start":{"line":7,"column":16},"end":{"line":7,"column":17}},"loc":{"start":{"line":7,"column":30},"end":{"line":9,"column":1}},"line":7}},"branchMap":{},"s":{"0":3,"1":3,"2":3,"3":3,"4":3,"5":3,"6":0,"7":3,"8":3,"9":3,"10":3},"f":{"0":0},"b":{},"_coverageSchema":"1a1c01bbd47fc00a2c39e90264f33305004495a9","hash":"c99aa9ea92dfc74e5d04c8c57479246fc7932fcf"}
,"/home/gabdomnovem/Desktop/Hacktiv8 Immersive/Week 9/FINAL PROJECT/server/routes/room.js": {"path":"/home/gabdomnovem/Desktop/Hacktiv8 Immersive/Week 9/FINAL PROJECT/server/routes/room.js","statementMap":{"0":{"start":{"line":1,"column":16},"end":{"line":1,"column":34}},"1":{"start":{"line":2,"column":15},"end":{"line":2,"column":31}},"2":{"start":{"line":3,"column":27},"end":{"line":3,"column":58}},"3":{"start":{"line":4,"column":46},"end":{"line":4,"column":71}},"4":{"start":{"line":6,"column":0},"end":{"line":6,"column":27}},"5":{"start":{"line":7,"column":0},"end":{"line":7,"column":47}},"6":{"start":{"line":8,"column":0},"end":{"line":8,"column":49}},"7":{"start":{"line":9,"column":0},"end":{"line":9,"column":40}},"8":{"start":{"line":10,"column":0},"end":{"line":10,"column":62}},"9":{"start":{"line":11,"column":0},"end":{"line":11,"column":69}},"10":{"start":{"line":12,"column":0},"end":{"line":16,"column":2}},"11":{"start":{"line":17,"column":0},"end":{"line":17,"column":68}},"12":{"start":{"line":18,"column":0},"end":{"line":18,"column":24}}},"fnMap":{},"branchMap":{},"s":{"0":3,"1":3,"2":3,"3":3,"4":3,"5":3,"6":3,"7":3,"8":3,"9":3,"10":3,"11":3,"12":3},"f":{},"b":{},"_coverageSchema":"1a1c01bbd47fc00a2c39e90264f33305004495a9","hash":"0f7fe04b245b3ba744d60f2a81da8e4e88be88d5"}
,"/home/gabdomnovem/Desktop/Hacktiv8 Immersive/Week 9/FINAL PROJECT/server/routes/track.js": {"path":"/home/gabdomnovem/Desktop/Hacktiv8 Immersive/Week 9/FINAL PROJECT/server/routes/track.js","statementMap":{"0":{"start":{"line":1,"column":16},"end":{"line":1,"column":34}},"1":{"start":{"line":2,"column":15},"end":{"line":2,"column":31}},"2":{"start":{"line":3,"column":28},"end":{"line":3,"column":53}},"3":{"start":{"line":8,"column":4},"end":{"line":8,"column":35}},"4":{"start":{"line":10,"column":0},"end":{"line":10,"column":27}},"5":{"start":{"line":11,"column":0},"end":{"line":16,"column":2}},"6":{"start":{"line":17,"column":0},"end":{"line":17,"column":66}},"7":{"start":{"line":18,"column":0},"end":{"line":18,"column":24}}},"fnMap":{},"branchMap":{},"s":{"0":3,"1":3,"2":3,"3":3,"4":3,"5":3,"6":3,"7":3},"f":{},"b":{},"_coverageSchema":"1a1c01bbd47fc00a2c39e90264f33305004495a9","hash":"9f32edf0264d2dc69daa0d15afc42d20a57b9944"}
,"/home/gabdomnovem/Desktop/Hacktiv8 Immersive/Week 9/FINAL PROJECT/server/routes/user.js": {"path":"/home/gabdomnovem/Desktop/Hacktiv8 Immersive/Week 9/FINAL PROJECT/server/routes/user.js","statementMap":{"0":{"start":{"line":1,"column":16},"end":{"line":1,"column":34}},"1":{"start":{"line":2,"column":15},"end":{"line":2,"column":31}},"2":{"start":{"line":3,"column":27},"end":{"line":3,"column":58}},"3":{"start":{"line":4,"column":23},"end":{"line":4,"column":63}},"4":{"start":{"line":6,"column":0},"end":{"line":6,"column":44}},"5":{"start":{"line":7,"column":0},"end":{"line":7,"column":27}},"6":{"start":{"line":8,"column":0},"end":{"line":8,"column":66}},"7":{"start":{"line":10,"column":0},"end":{"line":10,"column":24}}},"fnMap":{},"branchMap":{},"s":{"0":3,"1":3,"2":3,"3":3,"4":3,"5":3,"6":3,"7":3},"f":{},"b":{},"_coverageSchema":"1a1c01bbd47fc00a2c39e90264f33305004495a9","hash":"84a024a0f3cb820a4eb23ff88ef86d350ba4984e"}
}
