TN:
SF:app.js
FNF:0
FNH:0
DA:1,3
DA:3,3
DA:4,3
DA:5,3
DA:6,3
DA:7,3
DA:8,3
DA:9,3
DA:10,3
DA:11,3
DA:12,3
DA:13,3
DA:19,3
DA:20,3
DA:21,3
DA:23,3
DA:28,3
LF:17
LH:17
BRF:0
BRH:0
end_of_record
TN:
SF:controllers/RoomController.js
FN:5,(anonymous_0)
FN:13,(anonymous_1)
FN:16,(anonymous_2)
FN:20,(anonymous_3)
FN:22,(anonymous_4)
FN:25,(anonymous_5)
FN:30,(anonymous_6)
FN:38,(anonymous_7)
FN:41,(anonymous_8)
FN:46,(anonymous_9)
FN:54,(anonymous_10)
FN:63,(anonymous_11)
FN:66,(anonymous_12)
FNF:13
FNH:9
FNDA:1,(anonymous_0)
FNDA:1,(anonymous_1)
FNDA:0,(anonymous_2)
FNDA:1,(anonymous_3)
FNDA:1,(anonymous_4)
FNDA:0,(anonymous_5)
FNDA:1,(anonymous_6)
FNDA:1,(anonymous_7)
FNDA:0,(anonymous_8)
FNDA:1,(anonymous_9)
FNDA:1,(anonymous_10)
FNDA:1,(anonymous_11)
FNDA:0,(anonymous_12)
DA:1,3
DA:2,3
DA:6,1
DA:14,1
DA:17,0
DA:21,1
DA:23,1
DA:26,0
DA:31,1
DA:39,1
DA:42,0
DA:47,1
DA:55,1
DA:64,1
DA:67,0
DA:72,3
LF:16
LH:12
BRF:0
BRH:0
end_of_record
TN:
SF:controllers/TrackController.js
FN:4,(anonymous_0)
FN:11,(anonymous_1)
FN:14,(anonymous_2)
FN:19,(anonymous_3)
FN:21,(anonymous_4)
FN:24,(anonymous_5)
FNF:6
FNH:4
FNDA:1,(anonymous_0)
FNDA:1,(anonymous_1)
FNDA:0,(anonymous_2)
FNDA:1,(anonymous_3)
FNDA:1,(anonymous_4)
FNDA:0,(anonymous_5)
DA:1,3
DA:5,1
DA:12,1
DA:15,0
DA:20,1
DA:22,1
DA:25,0
DA:30,3
LF:8
LH:6
BRF:0
BRH:0
end_of_record
TN:
SF:controllers/UserController.js
FN:5,(anonymous_0)
FN:14,(anonymous_1)
FN:15,(anonymous_2)
FN:31,(anonymous_3)
FN:40,(anonymous_4)
FN:50,(anonymous_5)
FN:55,(anonymous_6)
FN:57,(anonymous_7)
FN:60,(anonymous_8)
FN:61,(anonymous_9)
FN:66,(anonymous_10)
FNF:11
FNH:7
FNDA:1,(anonymous_0)
FNDA:1,(anonymous_1)
FNDA:1,(anonymous_2)
FNDA:0,(anonymous_3)
FNDA:0,(anonymous_4)
FNDA:0,(anonymous_5)
FNDA:1,(anonymous_6)
FNDA:1,(anonymous_7)
FNDA:1,(anonymous_8)
FNDA:2,(anonymous_9)
FNDA:0,(anonymous_10)
DA:1,3
DA:2,3
DA:3,3
DA:6,1
DA:15,1
DA:16,1
DA:17,1
DA:21,1
DA:23,0
DA:32,0
DA:33,0
DA:41,0
DA:45,0
DA:51,0
DA:56,1
DA:58,1
DA:61,1
DA:62,2
DA:64,1
DA:67,0
DA:72,3
LF:21
LH:14
BRDA:16,0,0,1
BRDA:16,0,1,0
BRF:2
BRH:1
end_of_record
TN:
SF:controllers/index.js
FNF:0
FNH:0
DA:1,3
DA:2,3
DA:3,3
DA:5,3
LF:4
LH:4
BRF:0
BRH:0
end_of_record
TN:
SF:middlewares/authentication.js
FN:4,(anonymous_0)
FN:11,(anonymous_1)
FN:21,(anonymous_2)
FNF:3
FNH:2
FNDA:7,(anonymous_0)
FNDA:7,(anonymous_1)
FNDA:0,(anonymous_2)
DA:1,3
DA:2,3
DA:4,3
DA:5,7
DA:6,7
DA:7,7
DA:8,7
DA:12,7
DA:13,7
DA:14,7
DA:16,0
DA:22,0
DA:25,0
LF:13
LH:10
BRDA:12,0,0,7
BRDA:12,0,1,0
BRF:2
BRH:1
end_of_record
TN:
SF:middlewares/errorHandler.js
FN:1,(anonymous_0)
FNF:1
FNH:0
FNDA:0,(anonymous_0)
DA:1,3
DA:2,0
DA:4,0
DA:5,0
DA:8,0
DA:9,0
DA:10,0
DA:11,0
DA:13,0
DA:14,0
DA:16,0
DA:18,0
DA:19,0
DA:22,0
LF:14
LH:1
BRDA:4,0,0,0
BRDA:4,0,1,0
BRDA:9,1,0,0
BRDA:9,1,1,0
BRF:4
BRH:0
end_of_record
TN:
SF:middlewares/index.js
FNF:0
FNH:0
DA:1,3
DA:2,3
DA:3,3
DA:4,3
DA:5,3
DA:7,3
LF:6
LH:6
BRF:0
BRH:0
end_of_record
TN:
SF:middlewares/roomAuthorization.js
FN:3,(anonymous_0)
FN:5,(anonymous_1)
FN:15,(anonymous_2)
FNF:3
FNH:2
FNDA:1,(anonymous_0)
FNDA:1,(anonymous_1)
FNDA:0,(anonymous_2)
DA:1,3
DA:3,3
DA:4,1
DA:6,1
DA:7,1
DA:8,1
DA:10,0
DA:16,0
LF:8
LH:6
BRDA:7,0,0,1
BRDA:7,0,1,0
BRF:2
BRH:1
end_of_record
TN:
SF:middlewares/trackAuthorization.js
FN:3,(anonymous_0)
FN:5,(anonymous_1)
FN:14,(anonymous_2)
FNF:3
FNH:2
FNDA:1,(anonymous_0)
FNDA:1,(anonymous_1)
FNDA:0,(anonymous_2)
DA:1,3
DA:3,3
DA:4,1
DA:6,1
DA:7,1
DA:9,0
DA:15,0
LF:7
LH:5
BRDA:6,0,0,1
BRDA:6,0,1,0
BRF:2
BRH:1
end_of_record
TN:
SF:middlewares/tracks.js
FN:14,(anonymous_0)
FN:18,(anonymous_1)
FN:32,(anonymous_2)
FN:37,(anonymous_3)
FN:39,(anonymous_4)
FNF:5
FNH:4
FNDA:1,(anonymous_0)
FNDA:1,(anonymous_1)
FNDA:0,(anonymous_2)
FNDA:1,(anonymous_3)
FNDA:1,(anonymous_4)
DA:2,3
DA:4,3
DA:6,3
DA:8,3
DA:12,3
DA:14,3
DA:15,1
DA:18,3
DA:19,1
DA:20,0
DA:23,1
DA:24,1
DA:26,1
DA:32,1
DA:33,0
DA:34,0
DA:37,1
DA:38,1
DA:39,1
DA:40,1
DA:41,1
DA:45,1
DA:48,3
DA:49,3
DA:57,3
LF:25
LH:22
BRDA:19,0,0,0
BRDA:19,0,1,1
BRF:2
BRH:1
end_of_record
TN:
SF:models/index.js
FNF:0
FNH:0
DA:1,3
DA:2,3
DA:3,3
DA:5,3
LF:4
LH:4
BRF:0
BRH:0
end_of_record
TN:
SF:models/roomModel.js
FNF:0
FNH:0
DA:1,3
DA:2,3
DA:4,3
DA:12,3
DA:13,3
LF:5
LH:5
BRF:0
BRH:0
end_of_record
TN:
SF:models/trackModel.js
FNF:0
FNH:0
DA:1,3
DA:2,3
DA:4,3
DA:12,3
DA:13,3
LF:5
LH:5
BRF:0
BRH:0
end_of_record
TN:
SF:models/userModel.js
FNF:0
FNH:0
DA:1,3
DA:2,3
DA:4,3
DA:13,3
DA:14,3
LF:5
LH:5
BRF:0
BRH:0
end_of_record
TN:
SF:routes/index.js
FN:7,(anonymous_0)
FNF:1
FNH:0
FNDA:0,(anonymous_0)
DA:1,3
DA:2,3
DA:3,3
DA:4,3
DA:5,3
DA:7,3
DA:8,0
DA:10,3
DA:11,3
DA:12,3
DA:14,3
LF:11
LH:10
BRF:0
BRH:0
end_of_record
TN:
SF:routes/room.js
FNF:0
FNH:0
DA:1,3
DA:2,3
DA:3,3
DA:4,3
DA:6,3
DA:7,3
DA:8,3
DA:9,3
DA:10,3
DA:12,3
LF:10
LH:10
BRF:0
BRH:0
end_of_record
TN:
SF:routes/track.js
FNF:0
FNH:0
DA:1,3
DA:2,3
DA:3,3
DA:8,3
DA:10,3
DA:11,3
DA:17,3
DA:18,3
LF:8
LH:8
BRF:0
BRH:0
end_of_record
TN:
SF:routes/user.js
FNF:0
FNH:0
DA:1,3
DA:2,3
DA:3,3
DA:4,3
DA:6,3
DA:7,3
DA:8,3
DA:10,3
LF:8
LH:8
BRF:0
BRH:0
end_of_record
